;  LST file generated by mikroListExporter - v.2.0 
; Date/Time: 3/12/2019 8:18:41 PM
;----------------------------------------------

;Address Opcode 	ASM
0x0000	0xF005EF0E  	GOTO        2588
0x0004	0x0000      	NOP
0x0006	0x0000      	NOP
0x0008	0xF000EF00  	GOTO        0
0x000C	0x0000      	NOP
0x000E	0x0000      	NOP
0x0010	0x0000      	NOP
0x0012	0x0000      	NOP
0x0014	0x0000      	NOP
0x0016	0x0000      	NOP
0x0018	0xD7F3      	BRA         0
_Delay_5500us:
;__Lib_Delays.c,31 :: 		void Delay_5500us() {
;__Lib_Delays.c,32 :: 		Delay_us(5500);
0x001C	0x0E48      	MOVLW       72
0x001E	0x6E0C      	MOVWF       R12, 0
0x0020	0x0E6C      	MOVLW       108
0x0022	0x6E0D      	MOVWF       R13, 0
L_Delay_5500us6:
0x0024	0x2E0D      	DECFSZ      R13, 1, 0
0x0026	0xD7FE      	BRA         L_Delay_5500us6
0x0028	0x2E0C      	DECFSZ      R12, 1, 0
0x002A	0xD7FC      	BRA         L_Delay_5500us6
0x002C	0x0000      	NOP
;__Lib_Delays.c,33 :: 		}
L_end_Delay_5500us:
0x002E	0x0012      	RETURN      0
; end of _Delay_5500us
_Delay_50us:
;__Lib_Delays.c,19 :: 		void Delay_50us() {
;__Lib_Delays.c,20 :: 		Delay_us(50);
0x0030	0x0EA6      	MOVLW       166
0x0032	0x6E0D      	MOVWF       R13, 0
L_Delay_50us3:
0x0034	0x2E0D      	DECFSZ      R13, 1, 0
0x0036	0xD7FE      	BRA         L_Delay_50us3
0x0038	0x0000      	NOP
;__Lib_Delays.c,21 :: 		}
L_end_Delay_50us:
0x003A	0x0012      	RETURN      0
; end of _Delay_50us
_Delay_1us:
;__Lib_Delays.c,7 :: 		void Delay_1us() {
;__Lib_Delays.c,8 :: 		Delay_us(1);
0x003C	0x0E03      	MOVLW       3
0x003E	0x6E0D      	MOVWF       R13, 0
L_Delay_1us0:
0x0040	0x2E0D      	DECFSZ      R13, 1, 0
0x0042	0xD7FE      	BRA         L_Delay_1us0
;__Lib_Delays.c,9 :: 		}
L_end_Delay_1us:
0x0044	0x0012      	RETURN      0
; end of _Delay_1us
__Lib_CAN_C_A_CANIDToRegs:
;__Lib_CAN_C_A.c,191 :: 		
;__Lib_CAN_C_A.c,193 :: 		
0x0046	0xF003C055  	MOVFF       FARG___Lib_CAN_C_A_CANIDToRegs_val, R3
;__Lib_CAN_C_A.c,194 :: 		
0x004A	0xF004C056  	MOVFF       FARG___Lib_CAN_C_A_CANIDToRegs_val+1, R4
;__Lib_CAN_C_A.c,195 :: 		
0x004E	0xF005C057  	MOVFF       FARG___Lib_CAN_C_A_CANIDToRegs_val+2, R5
;__Lib_CAN_C_A.c,196 :: 		
0x0052	0xF006C058  	MOVFF       FARG___Lib_CAN_C_A_CANIDToRegs_val+3, R6
;__Lib_CAN_C_A.c,198 :: 		
0x0056	0xA659      	BTFSS       FARG___Lib_CAN_C_A_CANIDToRegs_CAN_CONFIG_FLAGS, 3 
0x0058	0xD02C      	BRA         L___Lib_CAN_C_A_CANIDToRegs0
;__Lib_CAN_C_A.c,200 :: 		
0x005A	0xF002C003  	MOVFF       R3, R2
0x005E	0x3202      	RRCF        R2, 1 
0x0060	0x9E02      	BCF         R2, 7 
0x0062	0x3202      	RRCF        R2, 1 
0x0064	0x9E02      	BCF         R2, 7 
0x0066	0x3202      	RRCF        R2, 1 
0x0068	0x9E02      	BCF         R2, 7 
0x006A	0x0E05      	MOVLW       5
0x006C	0x6E01      	MOVWF       R1 
0x006E	0xF000C004  	MOVFF       R4, R0
0x0072	0x5001      	MOVF        R1, 0 
L___Lib_CAN_C_A_CANIDToRegs55:
0x0074	0xE004      	BZ          L___Lib_CAN_C_A_CANIDToRegs56
0x0076	0x3600      	RLCF        R0, 1 
0x0078	0x9000      	BCF         R0, 0 
0x007A	0x0FFF      	ADDLW       255
0x007C	0xD7FB      	BRA         L___Lib_CAN_C_A_CANIDToRegs55
L___Lib_CAN_C_A_CANIDToRegs56:
0x007E	0xFFE1C053  	MOVFF       FARG___Lib_CAN_C_A_CANIDToRegs_ptr, FSR1L
0x0082	0xFFE2C054  	MOVFF       FARG___Lib_CAN_C_A_CANIDToRegs_ptr+1, FSR1H
0x0086	0x5000      	MOVF        R0, 0 
0x0088	0x1002      	IORWF       R2, 0 
0x008A	0x6EE6      	MOVWF       POSTINC1 
;__Lib_CAN_C_A.c,202 :: 		
0x008C	0x4A53      	INFSNZ      FARG___Lib_CAN_C_A_CANIDToRegs_ptr, 1 
0x008E	0x2A54      	INCF        FARG___Lib_CAN_C_A_CANIDToRegs_ptr+1, 1 
;__Lib_CAN_C_A.c,203 :: 		
0x0090	0x0E05      	MOVLW       5
0x0092	0x6E01      	MOVWF       R1 
0x0094	0xF000C003  	MOVFF       R3, R0
0x0098	0x5001      	MOVF        R1, 0 
L___Lib_CAN_C_A_CANIDToRegs57:
0x009A	0xE004      	BZ          L___Lib_CAN_C_A_CANIDToRegs58
0x009C	0x3600      	RLCF        R0, 1 
0x009E	0x9000      	BCF         R0, 0 
0x00A0	0x0FFF      	ADDLW       255
0x00A2	0xD7FB      	BRA         L___Lib_CAN_C_A_CANIDToRegs57
L___Lib_CAN_C_A_CANIDToRegs58:
0x00A4	0xFFE1C053  	MOVFF       FARG___Lib_CAN_C_A_CANIDToRegs_ptr, FSR1L
0x00A8	0xFFE2C054  	MOVFF       FARG___Lib_CAN_C_A_CANIDToRegs_ptr+1, FSR1H
0x00AC	0xFFE6C000  	MOVFF       R0, POSTINC1
;__Lib_CAN_C_A.c,204 :: 		
0x00B0	0xD042      	BRA         L___Lib_CAN_C_A_CANIDToRegs1
L___Lib_CAN_C_A_CANIDToRegs0:
;__Lib_CAN_C_A.c,207 :: 		
0x00B2	0x0E05      	MOVLW       5
0x00B4	0x6E00      	MOVWF       R0 
0x00B6	0xF002C005  	MOVFF       R5, R2
0x00BA	0x5000      	MOVF        R0, 0 
L___Lib_CAN_C_A_CANIDToRegs59:
0x00BC	0xE004      	BZ          L___Lib_CAN_C_A_CANIDToRegs60
0x00BE	0x3202      	RRCF        R2, 1 
0x00C0	0x9E02      	BCF         R2, 7 
0x00C2	0x0FFF      	ADDLW       255
0x00C4	0xD7FB      	BRA         L___Lib_CAN_C_A_CANIDToRegs59
L___Lib_CAN_C_A_CANIDToRegs60:
0x00C6	0xF000C006  	MOVFF       R6, R0
0x00CA	0x3600      	RLCF        R0, 1 
0x00CC	0x9000      	BCF         R0, 0 
0x00CE	0x3600      	RLCF        R0, 1 
0x00D0	0x9000      	BCF         R0, 0 
0x00D2	0x3600      	RLCF        R0, 1 
0x00D4	0x9000      	BCF         R0, 0 
0x00D6	0xFFE1C053  	MOVFF       FARG___Lib_CAN_C_A_CANIDToRegs_ptr, FSR1L
0x00DA	0xFFE2C054  	MOVFF       FARG___Lib_CAN_C_A_CANIDToRegs_ptr+1, FSR1H
0x00DE	0x5000      	MOVF        R0, 0 
0x00E0	0x1002      	IORWF       R2, 0 
0x00E2	0x6EE6      	MOVWF       POSTINC1 
;__Lib_CAN_C_A.c,209 :: 		
0x00E4	0x4A53      	INFSNZ      FARG___Lib_CAN_C_A_CANIDToRegs_ptr, 1 
0x00E6	0x2A54      	INCF        FARG___Lib_CAN_C_A_CANIDToRegs_ptr+1, 1 
;__Lib_CAN_C_A.c,210 :: 		
0x00E8	0xF000C005  	MOVFF       R5, R0
0x00EC	0x3600      	RLCF        R0, 1 
0x00EE	0x9000      	BCF         R0, 0 
0x00F0	0x3600      	RLCF        R0, 1 
0x00F2	0x9000      	BCF         R0, 0 
0x00F4	0x3600      	RLCF        R0, 1 
0x00F6	0x9000      	BCF         R0, 0 
0x00F8	0x0EE0      	MOVLW       224
0x00FA	0x1600      	ANDWF       R0, 1 
0x00FC	0x0E08      	MOVLW       8
0x00FE	0x1000      	IORWF       R0, 0 
0x0100	0x6E01      	MOVWF       R1 
0x0102	0x0E03      	MOVLW       3
0x0104	0x1405      	ANDWF       R5, 0 
0x0106	0x6E00      	MOVWF       R0 
0x0108	0xFFE1C053  	MOVFF       FARG___Lib_CAN_C_A_CANIDToRegs_ptr, FSR1L
0x010C	0xFFE2C054  	MOVFF       FARG___Lib_CAN_C_A_CANIDToRegs_ptr+1, FSR1H
0x0110	0x5000      	MOVF        R0, 0 
0x0112	0x1001      	IORWF       R1, 0 
0x0114	0x6EE6      	MOVWF       POSTINC1 
;__Lib_CAN_C_A.c,214 :: 		
0x0116	0x4A53      	INFSNZ      FARG___Lib_CAN_C_A_CANIDToRegs_ptr, 1 
0x0118	0x2A54      	INCF        FARG___Lib_CAN_C_A_CANIDToRegs_ptr+1, 1 
;__Lib_CAN_C_A.c,216 :: 		
0x011A	0xFFE1C053  	MOVFF       FARG___Lib_CAN_C_A_CANIDToRegs_ptr, FSR1L
0x011E	0xFFE2C054  	MOVFF       FARG___Lib_CAN_C_A_CANIDToRegs_ptr+1, FSR1H
0x0122	0xFFE6C004  	MOVFF       R4, POSTINC1
;__Lib_CAN_C_A.c,217 :: 		
0x0126	0x4A53      	INFSNZ      FARG___Lib_CAN_C_A_CANIDToRegs_ptr, 1 
0x0128	0x2A54      	INCF        FARG___Lib_CAN_C_A_CANIDToRegs_ptr+1, 1 
;__Lib_CAN_C_A.c,219 :: 		
0x012A	0xFFE1C053  	MOVFF       FARG___Lib_CAN_C_A_CANIDToRegs_ptr, FSR1L
0x012E	0xFFE2C054  	MOVFF       FARG___Lib_CAN_C_A_CANIDToRegs_ptr+1, FSR1H
0x0132	0xFFE6C003  	MOVFF       R3, POSTINC1
;__Lib_CAN_C_A.c,220 :: 		
L___Lib_CAN_C_A_CANIDToRegs1:
;__Lib_CAN_C_A.c,221 :: 		
L_end_CANIDToRegs:
0x0136	0x0012      	RETURN      0
; end of __Lib_CAN_C_A_CANIDToRegs
_Lcd_Cmd:
;__Lib_Lcd.c,18 :: 		
;__Lib_Lcd.c,20 :: 		
0x0138	0xBE53      	BTFSC       FARG_Lcd_Cmd_out_char, 7 
0x013A	0xD002      	BRA         L__Lcd_Cmd21
0x013C	0x9682      	BCF         LCD_D7, BitPos(LCD_D7+0) 
0x013E	0xD001      	BRA         L__Lcd_Cmd22
L__Lcd_Cmd21:
0x0140	0x8682      	BSF         LCD_D7, BitPos(LCD_D7+0) 
L__Lcd_Cmd22:
;__Lib_Lcd.c,21 :: 		
0x0142	0xBC53      	BTFSC       FARG_Lcd_Cmd_out_char, 6 
0x0144	0xD002      	BRA         L__Lcd_Cmd23
0x0146	0x9482      	BCF         LCD_D6, BitPos(LCD_D6+0) 
0x0148	0xD001      	BRA         L__Lcd_Cmd24
L__Lcd_Cmd23:
0x014A	0x8482      	BSF         LCD_D6, BitPos(LCD_D6+0) 
L__Lcd_Cmd24:
;__Lib_Lcd.c,22 :: 		
0x014C	0xBA53      	BTFSC       FARG_Lcd_Cmd_out_char, 5 
0x014E	0xD002      	BRA         L__Lcd_Cmd25
0x0150	0x9282      	BCF         LCD_D5, BitPos(LCD_D5+0) 
0x0152	0xD001      	BRA         L__Lcd_Cmd26
L__Lcd_Cmd25:
0x0154	0x8282      	BSF         LCD_D5, BitPos(LCD_D5+0) 
L__Lcd_Cmd26:
;__Lib_Lcd.c,23 :: 		
0x0156	0xB853      	BTFSC       FARG_Lcd_Cmd_out_char, 4 
0x0158	0xD002      	BRA         L__Lcd_Cmd27
0x015A	0x9082      	BCF         LCD_D4, BitPos(LCD_D4+0) 
0x015C	0xD001      	BRA         L__Lcd_Cmd28
L__Lcd_Cmd27:
0x015E	0x8082      	BSF         LCD_D4, BitPos(LCD_D4+0) 
L__Lcd_Cmd28:
;__Lib_Lcd.c,25 :: 		
0x0160	0xB02A      	BTFSC       __Lib_Lcd_cmd_status, BitPos(__Lib_Lcd_cmd_status+0) 
0x0162	0xD002      	BRA         L__Lcd_Cmd29
0x0164	0x8882      	BSF         LCD_RS, BitPos(LCD_RS+0) 
0x0166	0xD001      	BRA         L__Lcd_Cmd30
L__Lcd_Cmd29:
0x0168	0x9882      	BCF         LCD_RS, BitPos(LCD_RS+0) 
L__Lcd_Cmd30:
;__Lib_Lcd.c,28 :: 		
0x016A	0x8A82      	BSF         LCD_EN, BitPos(LCD_EN+0) 
;__Lib_Lcd.c,29 :: 		
0x016C	0xDF67      	RCALL       _Delay_1us
;__Lib_Lcd.c,30 :: 		
0x016E	0x9A82      	BCF         LCD_EN, BitPos(LCD_EN+0) 
;__Lib_Lcd.c,33 :: 		
0x0170	0xB653      	BTFSC       FARG_Lcd_Cmd_out_char, 3 
0x0172	0xD002      	BRA         L__Lcd_Cmd31
0x0174	0x9682      	BCF         LCD_D7, BitPos(LCD_D7+0) 
0x0176	0xD001      	BRA         L__Lcd_Cmd32
L__Lcd_Cmd31:
0x0178	0x8682      	BSF         LCD_D7, BitPos(LCD_D7+0) 
L__Lcd_Cmd32:
;__Lib_Lcd.c,34 :: 		
0x017A	0xB453      	BTFSC       FARG_Lcd_Cmd_out_char, 2 
0x017C	0xD002      	BRA         L__Lcd_Cmd33
0x017E	0x9482      	BCF         LCD_D6, BitPos(LCD_D6+0) 
0x0180	0xD001      	BRA         L__Lcd_Cmd34
L__Lcd_Cmd33:
0x0182	0x8482      	BSF         LCD_D6, BitPos(LCD_D6+0) 
L__Lcd_Cmd34:
;__Lib_Lcd.c,35 :: 		
0x0184	0xB253      	BTFSC       FARG_Lcd_Cmd_out_char, 1 
0x0186	0xD002      	BRA         L__Lcd_Cmd35
0x0188	0x9282      	BCF         LCD_D5, BitPos(LCD_D5+0) 
0x018A	0xD001      	BRA         L__Lcd_Cmd36
L__Lcd_Cmd35:
0x018C	0x8282      	BSF         LCD_D5, BitPos(LCD_D5+0) 
L__Lcd_Cmd36:
;__Lib_Lcd.c,36 :: 		
0x018E	0xB053      	BTFSC       FARG_Lcd_Cmd_out_char, 0 
0x0190	0xD002      	BRA         L__Lcd_Cmd37
0x0192	0x9082      	BCF         LCD_D4, BitPos(LCD_D4+0) 
0x0194	0xD001      	BRA         L__Lcd_Cmd38
L__Lcd_Cmd37:
0x0196	0x8082      	BSF         LCD_D4, BitPos(LCD_D4+0) 
L__Lcd_Cmd38:
;__Lib_Lcd.c,38 :: 		
0x0198	0xB02A      	BTFSC       __Lib_Lcd_cmd_status, BitPos(__Lib_Lcd_cmd_status+0) 
0x019A	0xD002      	BRA         L__Lcd_Cmd39
0x019C	0x8882      	BSF         LCD_RS, BitPos(LCD_RS+0) 
0x019E	0xD001      	BRA         L__Lcd_Cmd40
L__Lcd_Cmd39:
0x01A0	0x9882      	BCF         LCD_RS, BitPos(LCD_RS+0) 
L__Lcd_Cmd40:
;__Lib_Lcd.c,40 :: 		
0x01A2	0x8A82      	BSF         LCD_EN, BitPos(LCD_EN+0) 
;__Lib_Lcd.c,41 :: 		
0x01A4	0xDF4B      	RCALL       _Delay_1us
;__Lib_Lcd.c,42 :: 		
0x01A6	0x9A82      	BCF         LCD_EN, BitPos(LCD_EN+0) 
;__Lib_Lcd.c,44 :: 		
0x01A8	0xA02A      	BTFSS       __Lib_Lcd_cmd_status, BitPos(__Lib_Lcd_cmd_status+0) 
0x01AA	0xD002      	BRA         L_Lcd_Cmd0
;__Lib_Lcd.c,45 :: 		
0x01AC	0xDF37      	RCALL       _Delay_5500us
0x01AE	0xD001      	BRA         L_Lcd_Cmd1
L_Lcd_Cmd0:
;__Lib_Lcd.c,47 :: 		
0x01B0	0xDF3F      	RCALL       _Delay_50us
L_Lcd_Cmd1:
;__Lib_Lcd.c,48 :: 		
L_end_Lcd_Cmd:
0x01B2	0x0012      	RETURN      0
; end of _Lcd_Cmd
_Div_8X8_U:
;__Lib_Math.c,77 :: 		
;__Lib_Math.c,84 :: 		
0x01B4	0x6A08      	CLRF        R8, 0
;__Lib_Math.c,85 :: 		
0x01B6	0x0E08      	MOVLW       8
;__Lib_Math.c,86 :: 		
0x01B8	0x6E0C      	MOVWF       R12, 0
;__Lib_Math.c,87 :: 		
0x01BA	0x3400      	RLCF        R0, 0, 0
;__Lib_Math.c,88 :: 		
0x01BC	0x3608      	RLCF        R8, 1, 0
;__Lib_Math.c,89 :: 		
0x01BE	0x5004      	MOVF        R4, 0, 0
;__Lib_Math.c,90 :: 		
0x01C0	0x5E08      	SUBWF       R8, 1, 0
;__Lib_Math.c,91 :: 		
0x01C2	0xB0D8      	BTFSC       STATUS, 0, 0
;__Lib_Math.c,92 :: 		
0x01C4	0xD002      	BRA         $+6
;__Lib_Math.c,93 :: 		
0x01C6	0x2608      	ADDWF       R8, 1, 0
;__Lib_Math.c,94 :: 		
0x01C8	0x90D8      	BCF         STATUS, 0, 0
;__Lib_Math.c,95 :: 		
0x01CA	0x3600      	RLCF        R0, 1, 0
;__Lib_Math.c,96 :: 		
0x01CC	0x2E0C      	DECFSZ      R12, 1, 0
;__Lib_Math.c,97 :: 		
0x01CE	0xD7F5      	BRA         $-20
;__Lib_Math.c,99 :: 		
L_end_Div_8X8_U:
0x01D0	0x0012      	RETURN      0
; end of _Div_8X8_U
_CANSetBaudRate:
;__Lib_CAN_C_A.c,334 :: 		
;__Lib_CAN_C_A.c,337 :: 		
0x01D2	0x064C      	DECF        FARG_CANSetBaudRate_SJW, 1 
;__Lib_CAN_C_A.c,338 :: 		
0x01D4	0x064D      	DECF        FARG_CANSetBaudRate_BRP, 1 
;__Lib_CAN_C_A.c,339 :: 		
0x01D6	0x064E      	DECF        FARG_CANSetBaudRate_PHSEG1, 1 
;__Lib_CAN_C_A.c,340 :: 		
0x01D8	0x064F      	DECF        FARG_CANSetBaudRate_PHSEG2, 1 
;__Lib_CAN_C_A.c,341 :: 		
0x01DA	0x0650      	DECF        FARG_CANSetBaudRate_PROPSEG, 1 
;__Lib_CAN_C_A.c,343 :: 		
0x01DC	0x0E06      	MOVLW       6
0x01DE	0x6E00      	MOVWF       R0 
0x01E0	0xFF70C04C  	MOVFF       FARG_CANSetBaudRate_SJW, BRGCON1
0x01E4	0x5000      	MOVF        R0, 0 
L__CANSetBaudRate64:
0x01E6	0xE004      	BZ          L__CANSetBaudRate65
0x01E8	0x3670      	RLCF        BRGCON1, 1 
0x01EA	0x9070      	BCF         BRGCON1, 0 
0x01EC	0x0FFF      	ADDLW       255
0x01EE	0xD7FB      	BRA         L__CANSetBaudRate64
L__CANSetBaudRate65:
;__Lib_CAN_C_A.c,344 :: 		
0x01F0	0x504D      	MOVF        FARG_CANSetBaudRate_BRP, 0 
0x01F2	0x1270      	IORWF       BRGCON1, 1 
;__Lib_CAN_C_A.c,345 :: 		
0x01F4	0xFF71C04E  	MOVFF       FARG_CANSetBaudRate_PHSEG1, BRGCON2
0x01F8	0x3671      	RLCF        BRGCON2, 1 
0x01FA	0x9071      	BCF         BRGCON2, 0 
0x01FC	0x3671      	RLCF        BRGCON2, 1 
0x01FE	0x9071      	BCF         BRGCON2, 0 
0x0200	0x3671      	RLCF        BRGCON2, 1 
0x0202	0x9071      	BCF         BRGCON2, 0 
;__Lib_CAN_C_A.c,346 :: 		
0x0204	0x5050      	MOVF        FARG_CANSetBaudRate_PROPSEG, 0 
0x0206	0x1271      	IORWF       BRGCON2, 1 
;__Lib_CAN_C_A.c,348 :: 		
0x0208	0xA451      	BTFSS       FARG_CANSetBaudRate_CAN_CONFIG_FLAGS, 2 
;__Lib_CAN_C_A.c,349 :: 		
0x020A	0x8C71      	BSF         BRGCON2, 6 
L_CANSetBaudRate6:
;__Lib_CAN_C_A.c,351 :: 		
0x020C	0xB051      	BTFSC       FARG_CANSetBaudRate_CAN_CONFIG_FLAGS, 0 
;__Lib_CAN_C_A.c,352 :: 		
0x020E	0x8E71      	BSF         BRGCON2, 7 
L_CANSetBaudRate7:
;__Lib_CAN_C_A.c,355 :: 		
0x0210	0xFF72C04F  	MOVFF       FARG_CANSetBaudRate_PHSEG2, BRGCON3
;__Lib_CAN_C_A.c,356 :: 		
0x0214	0xB251      	BTFSC       FARG_CANSetBaudRate_CAN_CONFIG_FLAGS, 1 
;__Lib_CAN_C_A.c,357 :: 		
0x0216	0x8C72      	BSF         BRGCON3, 6 
L_CANSetBaudRate8:
;__Lib_CAN_C_A.c,358 :: 		
L_end_CANSetBaudRate:
0x0218	0x0012      	RETURN      0
; end of _CANSetBaudRate
_CANSetFilter:
;__Lib_CAN_C_A.c,409 :: 		
;__Lib_CAN_C_A.c,411 :: 		
0x021A	0xD060      	BRA         L_CANSetFilter11
;__Lib_CAN_C_A.c,412 :: 		
L_CANSetFilter13:
;__Lib_CAN_C_A.c,413 :: 		
0x021C	0x0E00      	MOVLW       RXF0SIDH
0x021E	0x6E53      	MOVWF       FARG___Lib_CAN_C_A_CANIDToRegs_ptr 
0x0220	0x0E0F      	MOVLW       hi_addr(RXF0SIDH)
0x0222	0x6E54      	MOVWF       FARG___Lib_CAN_C_A_CANIDToRegs_ptr+1 
0x0224	0xF055C04D  	MOVFF       FARG_CANSetFilter_val, FARG___Lib_CAN_C_A_CANIDToRegs_val
0x0228	0xF056C04E  	MOVFF       FARG_CANSetFilter_val+1, FARG___Lib_CAN_C_A_CANIDToRegs_val+1
0x022C	0xF057C04F  	MOVFF       FARG_CANSetFilter_val+2, FARG___Lib_CAN_C_A_CANIDToRegs_val+2
0x0230	0xF058C050  	MOVFF       FARG_CANSetFilter_val+3, FARG___Lib_CAN_C_A_CANIDToRegs_val+3
0x0234	0xF059C051  	MOVFF       FARG_CANSetFilter_CAN_CONFIG_FLAGS, FARG___Lib_CAN_C_A_CANIDToRegs_CAN_CONFIG_FLAGS
0x0238	0xDF06      	RCALL       __Lib_CAN_C_A_CANIDToRegs
;__Lib_CAN_C_A.c,414 :: 		
0x023A	0xD060      	BRA         L_CANSetFilter12
;__Lib_CAN_C_A.c,415 :: 		
L_CANSetFilter14:
;__Lib_CAN_C_A.c,416 :: 		
0x023C	0x0E04      	MOVLW       RXF1SIDH
0x023E	0x6E53      	MOVWF       FARG___Lib_CAN_C_A_CANIDToRegs_ptr 
0x0240	0x0E0F      	MOVLW       hi_addr(RXF1SIDH)
0x0242	0x6E54      	MOVWF       FARG___Lib_CAN_C_A_CANIDToRegs_ptr+1 
0x0244	0xF055C04D  	MOVFF       FARG_CANSetFilter_val, FARG___Lib_CAN_C_A_CANIDToRegs_val
0x0248	0xF056C04E  	MOVFF       FARG_CANSetFilter_val+1, FARG___Lib_CAN_C_A_CANIDToRegs_val+1
0x024C	0xF057C04F  	MOVFF       FARG_CANSetFilter_val+2, FARG___Lib_CAN_C_A_CANIDToRegs_val+2
0x0250	0xF058C050  	MOVFF       FARG_CANSetFilter_val+3, FARG___Lib_CAN_C_A_CANIDToRegs_val+3
0x0254	0xF059C051  	MOVFF       FARG_CANSetFilter_CAN_CONFIG_FLAGS, FARG___Lib_CAN_C_A_CANIDToRegs_CAN_CONFIG_FLAGS
0x0258	0xDEF6      	RCALL       __Lib_CAN_C_A_CANIDToRegs
;__Lib_CAN_C_A.c,417 :: 		
0x025A	0xD050      	BRA         L_CANSetFilter12
;__Lib_CAN_C_A.c,418 :: 		
L_CANSetFilter15:
;__Lib_CAN_C_A.c,419 :: 		
0x025C	0x0E08      	MOVLW       RXF2SIDH
0x025E	0x6E53      	MOVWF       FARG___Lib_CAN_C_A_CANIDToRegs_ptr 
0x0260	0x0E0F      	MOVLW       hi_addr(RXF2SIDH)
0x0262	0x6E54      	MOVWF       FARG___Lib_CAN_C_A_CANIDToRegs_ptr+1 
0x0264	0xF055C04D  	MOVFF       FARG_CANSetFilter_val, FARG___Lib_CAN_C_A_CANIDToRegs_val
0x0268	0xF056C04E  	MOVFF       FARG_CANSetFilter_val+1, FARG___Lib_CAN_C_A_CANIDToRegs_val+1
0x026C	0xF057C04F  	MOVFF       FARG_CANSetFilter_val+2, FARG___Lib_CAN_C_A_CANIDToRegs_val+2
0x0270	0xF058C050  	MOVFF       FARG_CANSetFilter_val+3, FARG___Lib_CAN_C_A_CANIDToRegs_val+3
0x0274	0xF059C051  	MOVFF       FARG_CANSetFilter_CAN_CONFIG_FLAGS, FARG___Lib_CAN_C_A_CANIDToRegs_CAN_CONFIG_FLAGS
0x0278	0xDEE6      	RCALL       __Lib_CAN_C_A_CANIDToRegs
;__Lib_CAN_C_A.c,420 :: 		
0x027A	0xD040      	BRA         L_CANSetFilter12
;__Lib_CAN_C_A.c,421 :: 		
L_CANSetFilter16:
;__Lib_CAN_C_A.c,422 :: 		
0x027C	0x0E0C      	MOVLW       RXF3SIDH
0x027E	0x6E53      	MOVWF       FARG___Lib_CAN_C_A_CANIDToRegs_ptr 
0x0280	0x0E0F      	MOVLW       hi_addr(RXF3SIDH)
0x0282	0x6E54      	MOVWF       FARG___Lib_CAN_C_A_CANIDToRegs_ptr+1 
0x0284	0xF055C04D  	MOVFF       FARG_CANSetFilter_val, FARG___Lib_CAN_C_A_CANIDToRegs_val
0x0288	0xF056C04E  	MOVFF       FARG_CANSetFilter_val+1, FARG___Lib_CAN_C_A_CANIDToRegs_val+1
0x028C	0xF057C04F  	MOVFF       FARG_CANSetFilter_val+2, FARG___Lib_CAN_C_A_CANIDToRegs_val+2
0x0290	0xF058C050  	MOVFF       FARG_CANSetFilter_val+3, FARG___Lib_CAN_C_A_CANIDToRegs_val+3
0x0294	0xF059C051  	MOVFF       FARG_CANSetFilter_CAN_CONFIG_FLAGS, FARG___Lib_CAN_C_A_CANIDToRegs_CAN_CONFIG_FLAGS
0x0298	0xDED6      	RCALL       __Lib_CAN_C_A_CANIDToRegs
;__Lib_CAN_C_A.c,423 :: 		
0x029A	0xD030      	BRA         L_CANSetFilter12
;__Lib_CAN_C_A.c,424 :: 		
L_CANSetFilter17:
;__Lib_CAN_C_A.c,425 :: 		
0x029C	0x0E10      	MOVLW       RXF4SIDH
0x029E	0x6E53      	MOVWF       FARG___Lib_CAN_C_A_CANIDToRegs_ptr 
0x02A0	0x0E0F      	MOVLW       hi_addr(RXF4SIDH)
0x02A2	0x6E54      	MOVWF       FARG___Lib_CAN_C_A_CANIDToRegs_ptr+1 
0x02A4	0xF055C04D  	MOVFF       FARG_CANSetFilter_val, FARG___Lib_CAN_C_A_CANIDToRegs_val
0x02A8	0xF056C04E  	MOVFF       FARG_CANSetFilter_val+1, FARG___Lib_CAN_C_A_CANIDToRegs_val+1
0x02AC	0xF057C04F  	MOVFF       FARG_CANSetFilter_val+2, FARG___Lib_CAN_C_A_CANIDToRegs_val+2
0x02B0	0xF058C050  	MOVFF       FARG_CANSetFilter_val+3, FARG___Lib_CAN_C_A_CANIDToRegs_val+3
0x02B4	0xF059C051  	MOVFF       FARG_CANSetFilter_CAN_CONFIG_FLAGS, FARG___Lib_CAN_C_A_CANIDToRegs_CAN_CONFIG_FLAGS
0x02B8	0xDEC6      	RCALL       __Lib_CAN_C_A_CANIDToRegs
;__Lib_CAN_C_A.c,426 :: 		
0x02BA	0xD020      	BRA         L_CANSetFilter12
;__Lib_CAN_C_A.c,427 :: 		
L_CANSetFilter18:
;__Lib_CAN_C_A.c,428 :: 		
0x02BC	0x0E14      	MOVLW       RXF5SIDH
0x02BE	0x6E53      	MOVWF       FARG___Lib_CAN_C_A_CANIDToRegs_ptr 
0x02C0	0x0E0F      	MOVLW       hi_addr(RXF5SIDH)
0x02C2	0x6E54      	MOVWF       FARG___Lib_CAN_C_A_CANIDToRegs_ptr+1 
0x02C4	0xF055C04D  	MOVFF       FARG_CANSetFilter_val, FARG___Lib_CAN_C_A_CANIDToRegs_val
0x02C8	0xF056C04E  	MOVFF       FARG_CANSetFilter_val+1, FARG___Lib_CAN_C_A_CANIDToRegs_val+1
0x02CC	0xF057C04F  	MOVFF       FARG_CANSetFilter_val+2, FARG___Lib_CAN_C_A_CANIDToRegs_val+2
0x02D0	0xF058C050  	MOVFF       FARG_CANSetFilter_val+3, FARG___Lib_CAN_C_A_CANIDToRegs_val+3
0x02D4	0xF059C051  	MOVFF       FARG_CANSetFilter_CAN_CONFIG_FLAGS, FARG___Lib_CAN_C_A_CANIDToRegs_CAN_CONFIG_FLAGS
0x02D8	0xDEB6      	RCALL       __Lib_CAN_C_A_CANIDToRegs
;__Lib_CAN_C_A.c,429 :: 		
0x02DA	0xD010      	BRA         L_CANSetFilter12
L_CANSetFilter11:
0x02DC	0x504C      	MOVF        FARG_CANSetFilter_CAN_FILTER, 0 
0x02DE	0x0A00      	XORLW       0
0x02E0	0xE09D      	BZ          L_CANSetFilter13
0x02E2	0x504C      	MOVF        FARG_CANSetFilter_CAN_FILTER, 0 
0x02E4	0x0A01      	XORLW       1
0x02E6	0xE0AA      	BZ          L_CANSetFilter14
0x02E8	0x504C      	MOVF        FARG_CANSetFilter_CAN_FILTER, 0 
0x02EA	0x0A02      	XORLW       2
0x02EC	0xE0B7      	BZ          L_CANSetFilter15
0x02EE	0x504C      	MOVF        FARG_CANSetFilter_CAN_FILTER, 0 
0x02F0	0x0A03      	XORLW       3
0x02F2	0xE0C4      	BZ          L_CANSetFilter16
0x02F4	0x504C      	MOVF        FARG_CANSetFilter_CAN_FILTER, 0 
0x02F6	0x0A04      	XORLW       4
0x02F8	0xE0D1      	BZ          L_CANSetFilter17
0x02FA	0xD7E0      	BRA         L_CANSetFilter18
L_CANSetFilter12:
;__Lib_CAN_C_A.c,433 :: 		
L_end_CANSetFilter:
0x02FC	0x0012      	RETURN      0
; end of _CANSetFilter
__Lib_CAN_C_A_RegsToCANID:
;__Lib_CAN_C_A.c,460 :: 		
;__Lib_CAN_C_A.c,462 :: 		
0x02FE	0x6A4F      	CLRF        __Lib_CAN_C_A_RegsToCANID_rslt_L0 
0x0300	0x6A50      	CLRF        __Lib_CAN_C_A_RegsToCANID_rslt_L0+1 
0x0302	0x6A51      	CLRF        __Lib_CAN_C_A_RegsToCANID_rslt_L0+2 
0x0304	0x6A52      	CLRF        __Lib_CAN_C_A_RegsToCANID_rslt_L0+3 
;__Lib_CAN_C_A.c,464 :: 		
0x0306	0xA64E      	BTFSS       FARG___Lib_CAN_C_A_RegsToCANID_CAN_CONFIG_FLAGS, 3 
0x0308	0xD049      	BRA         L___Lib_CAN_C_A_RegsToCANID19
;__Lib_CAN_C_A.c,467 :: 		
0x030A	0xFFE9C04C  	MOVFF       FARG___Lib_CAN_C_A_RegsToCANID_ptr, FSR0L
0x030E	0xFFEAC04D  	MOVFF       FARG___Lib_CAN_C_A_RegsToCANID_ptr+1, FSR0H
0x0312	0xF002CFEE  	MOVFF       POSTINC0, R2
0x0316	0x0E05      	MOVLW       5
0x0318	0x6E00      	MOVWF       R0 
0x031A	0xF04FC002  	MOVFF       R2, __Lib_CAN_C_A_RegsToCANID_rslt_L0
0x031E	0x0E00      	MOVLW       0
0x0320	0x6E50      	MOVWF       __Lib_CAN_C_A_RegsToCANID_rslt_L0+1 
0x0322	0x6E51      	MOVWF       __Lib_CAN_C_A_RegsToCANID_rslt_L0+2 
0x0324	0x6E52      	MOVWF       __Lib_CAN_C_A_RegsToCANID_rslt_L0+3 
0x0326	0x5000      	MOVF        R0, 0 
L___Lib_CAN_C_A_RegsToCANID69:
0x0328	0xE004      	BZ          L___Lib_CAN_C_A_RegsToCANID70
0x032A	0x324F      	RRCF        __Lib_CAN_C_A_RegsToCANID_rslt_L0, 1 
0x032C	0x9E4F      	BCF         __Lib_CAN_C_A_RegsToCANID_rslt_L0, 7 
0x032E	0x0FFF      	ADDLW       255
0x0330	0xD7FB      	BRA         L___Lib_CAN_C_A_RegsToCANID69
L___Lib_CAN_C_A_RegsToCANID70:
0x0332	0x6A51      	CLRF        __Lib_CAN_C_A_RegsToCANID_rslt_L0+2 
0x0334	0x6A52      	CLRF        __Lib_CAN_C_A_RegsToCANID_rslt_L0+3 
0x0336	0xF050C04F  	MOVFF       __Lib_CAN_C_A_RegsToCANID_rslt_L0, __Lib_CAN_C_A_RegsToCANID_rslt_L0+1
0x033A	0x6A4F      	CLRF        __Lib_CAN_C_A_RegsToCANID_rslt_L0 
0x033C	0xF000C002  	MOVFF       R2, R0
0x0340	0x3600      	RLCF        R0, 1 
0x0342	0x9000      	BCF         R0, 0 
0x0344	0x3600      	RLCF        R0, 1 
0x0346	0x9000      	BCF         R0, 0 
0x0348	0x3600      	RLCF        R0, 1 
0x034A	0x9000      	BCF         R0, 0 
0x034C	0x0E00      	MOVLW       0
0x034E	0x6E51      	MOVWF       __Lib_CAN_C_A_RegsToCANID_rslt_L0+2 
0x0350	0x6E52      	MOVWF       __Lib_CAN_C_A_RegsToCANID_rslt_L0+3 
0x0352	0x5000      	MOVF        R0, 0 
0x0354	0x124F      	IORWF       __Lib_CAN_C_A_RegsToCANID_rslt_L0, 1 
0x0356	0x0E00      	MOVLW       0
0x0358	0x1250      	IORWF       __Lib_CAN_C_A_RegsToCANID_rslt_L0+1, 1 
0x035A	0x0E00      	MOVLW       0
0x035C	0xBE50      	BTFSC       __Lib_CAN_C_A_RegsToCANID_rslt_L0+1, 7 
0x035E	0x0EFF      	MOVLW       255
0x0360	0x6E51      	MOVWF       __Lib_CAN_C_A_RegsToCANID_rslt_L0+2 
0x0362	0x6E52      	MOVWF       __Lib_CAN_C_A_RegsToCANID_rslt_L0+3 
0x0364	0x0E00      	MOVLW       0
0x0366	0x6E51      	MOVWF       __Lib_CAN_C_A_RegsToCANID_rslt_L0+2 
0x0368	0x6E52      	MOVWF       __Lib_CAN_C_A_RegsToCANID_rslt_L0+3 
;__Lib_CAN_C_A.c,471 :: 		
0x036A	0x4A4C      	INFSNZ      FARG___Lib_CAN_C_A_RegsToCANID_ptr, 1 
0x036C	0x2A4D      	INCF        FARG___Lib_CAN_C_A_RegsToCANID_ptr+1, 1 
;__Lib_CAN_C_A.c,472 :: 		
0x036E	0xFFE9C04C  	MOVFF       FARG___Lib_CAN_C_A_RegsToCANID_ptr, FSR0L
0x0372	0xFFEAC04D  	MOVFF       FARG___Lib_CAN_C_A_RegsToCANID_ptr+1, FSR0H
0x0376	0xF002CFEE  	MOVFF       POSTINC0, R2
0x037A	0x0E05      	MOVLW       5
0x037C	0x6E01      	MOVWF       R1 
0x037E	0xF000C002  	MOVFF       R2, R0
0x0382	0x5001      	MOVF        R1, 0 
L___Lib_CAN_C_A_RegsToCANID71:
0x0384	0xE004      	BZ          L___Lib_CAN_C_A_RegsToCANID72
0x0386	0x3200      	RRCF        R0, 1 
0x0388	0x9E00      	BCF         R0, 7 
0x038A	0x0FFF      	ADDLW       255
0x038C	0xD7FB      	BRA         L___Lib_CAN_C_A_RegsToCANID71
L___Lib_CAN_C_A_RegsToCANID72:
0x038E	0x5000      	MOVF        R0, 0 
0x0390	0x124F      	IORWF       __Lib_CAN_C_A_RegsToCANID_rslt_L0, 1 
0x0392	0x0E00      	MOVLW       0
0x0394	0x1250      	IORWF       __Lib_CAN_C_A_RegsToCANID_rslt_L0+1, 1 
0x0396	0x1251      	IORWF       __Lib_CAN_C_A_RegsToCANID_rslt_L0+2, 1 
0x0398	0x1252      	IORWF       __Lib_CAN_C_A_RegsToCANID_rslt_L0+3, 1 
;__Lib_CAN_C_A.c,475 :: 		
0x039A	0xD072      	BRA         L___Lib_CAN_C_A_RegsToCANID20
L___Lib_CAN_C_A_RegsToCANID19:
;__Lib_CAN_C_A.c,479 :: 		
0x039C	0xFFE9C04C  	MOVFF       FARG___Lib_CAN_C_A_RegsToCANID_ptr, FSR0L
0x03A0	0xFFEAC04D  	MOVFF       FARG___Lib_CAN_C_A_RegsToCANID_ptr+1, FSR0H
0x03A4	0xF001CFEE  	MOVFF       POSTINC0, R1
0x03A8	0x0E05      	MOVLW       5
0x03AA	0x6E00      	MOVWF       R0 
0x03AC	0xF004C001  	MOVFF       R1, R4
0x03B0	0x5000      	MOVF        R0, 0 
L___Lib_CAN_C_A_RegsToCANID73:
0x03B2	0xE004      	BZ          L___Lib_CAN_C_A_RegsToCANID74
0x03B4	0x3604      	RLCF        R4, 1 
0x03B6	0x9004      	BCF         R4, 0 
0x03B8	0x0FFF      	ADDLW       255
0x03BA	0xD7FB      	BRA         L___Lib_CAN_C_A_RegsToCANID73
L___Lib_CAN_C_A_RegsToCANID74:
;__Lib_CAN_C_A.c,480 :: 		
0x03BC	0xFFE9C04C  	MOVFF       FARG___Lib_CAN_C_A_RegsToCANID_ptr, FSR0L
0x03C0	0xFFEAC04D  	MOVFF       FARG___Lib_CAN_C_A_RegsToCANID_ptr+1, FSR0H
0x03C4	0xF001CFEE  	MOVFF       POSTINC0, R1
0x03C8	0x0E03      	MOVLW       3
0x03CA	0x6E00      	MOVWF       R0 
0x03CC	0xF04FC001  	MOVFF       R1, __Lib_CAN_C_A_RegsToCANID_rslt_L0
0x03D0	0x0E00      	MOVLW       0
0x03D2	0x6E50      	MOVWF       __Lib_CAN_C_A_RegsToCANID_rslt_L0+1 
0x03D4	0x6E51      	MOVWF       __Lib_CAN_C_A_RegsToCANID_rslt_L0+2 
0x03D6	0x6E52      	MOVWF       __Lib_CAN_C_A_RegsToCANID_rslt_L0+3 
0x03D8	0x5000      	MOVF        R0, 0 
L___Lib_CAN_C_A_RegsToCANID75:
0x03DA	0xE004      	BZ          L___Lib_CAN_C_A_RegsToCANID76
0x03DC	0x324F      	RRCF        __Lib_CAN_C_A_RegsToCANID_rslt_L0, 1 
0x03DE	0x9E4F      	BCF         __Lib_CAN_C_A_RegsToCANID_rslt_L0, 7 
0x03E0	0x0FFF      	ADDLW       255
0x03E2	0xD7FB      	BRA         L___Lib_CAN_C_A_RegsToCANID75
L___Lib_CAN_C_A_RegsToCANID76:
0x03E4	0x6A51      	CLRF        __Lib_CAN_C_A_RegsToCANID_rslt_L0+2 
0x03E6	0x6A52      	CLRF        __Lib_CAN_C_A_RegsToCANID_rslt_L0+3 
0x03E8	0xF050C04F  	MOVFF       __Lib_CAN_C_A_RegsToCANID_rslt_L0, __Lib_CAN_C_A_RegsToCANID_rslt_L0+1
0x03EC	0x6A4F      	CLRF        __Lib_CAN_C_A_RegsToCANID_rslt_L0 
0x03EE	0x0E00      	MOVLW       0
0x03F0	0x6E51      	MOVWF       __Lib_CAN_C_A_RegsToCANID_rslt_L0+2 
0x03F2	0x6E52      	MOVWF       __Lib_CAN_C_A_RegsToCANID_rslt_L0+3 
;__Lib_CAN_C_A.c,481 :: 		
0x03F4	0x4A4C      	INFSNZ      FARG___Lib_CAN_C_A_RegsToCANID_ptr, 1 
0x03F6	0x2A4D      	INCF        FARG___Lib_CAN_C_A_RegsToCANID_ptr+1, 1 
;__Lib_CAN_C_A.c,482 :: 		
0x03F8	0xFFE9C04C  	MOVFF       FARG___Lib_CAN_C_A_RegsToCANID_ptr, FSR0L
0x03FC	0xFFEAC04D  	MOVFF       FARG___Lib_CAN_C_A_RegsToCANID_ptr+1, FSR0H
0x0400	0xF000CFEE  	MOVFF       POSTINC0, R0
0x0404	0x0E03      	MOVLW       3
0x0406	0x1400      	ANDWF       R0, 0 
0x0408	0x6E03      	MOVWF       R3 
0x040A	0x0EE0      	MOVLW       224
0x040C	0x1400      	ANDWF       R0, 0 
0x040E	0x6E02      	MOVWF       R2 
0x0410	0xF000C002  	MOVFF       R2, R0
0x0414	0x3200      	RRCF        R0, 1 
0x0416	0x9E00      	BCF         R0, 7 
0x0418	0x3200      	RRCF        R0, 1 
0x041A	0x9E00      	BCF         R0, 7 
0x041C	0x3200      	RRCF        R0, 1 
0x041E	0x9E00      	BCF         R0, 7 
0x0420	0x5003      	MOVF        R3, 0 
0x0422	0x1200      	IORWF       R0, 1 
0x0424	0x5004      	MOVF        R4, 0 
0x0426	0x1200      	IORWF       R0, 1 
;__Lib_CAN_C_A.c,491 :: 		
0x0428	0x5000      	MOVF        R0, 0 
0x042A	0x124F      	IORWF       __Lib_CAN_C_A_RegsToCANID_rslt_L0, 1 
0x042C	0x0E00      	MOVLW       0
0x042E	0x1250      	IORWF       __Lib_CAN_C_A_RegsToCANID_rslt_L0+1, 1 
0x0430	0x1251      	IORWF       __Lib_CAN_C_A_RegsToCANID_rslt_L0+2, 1 
0x0432	0x1252      	IORWF       __Lib_CAN_C_A_RegsToCANID_rslt_L0+3, 1 
;__Lib_CAN_C_A.c,494 :: 		
0x0434	0xF052C051  	MOVFF       __Lib_CAN_C_A_RegsToCANID_rslt_L0+2, __Lib_CAN_C_A_RegsToCANID_rslt_L0+3
0x0438	0xF051C050  	MOVFF       __Lib_CAN_C_A_RegsToCANID_rslt_L0+1, __Lib_CAN_C_A_RegsToCANID_rslt_L0+2
0x043C	0xF050C04F  	MOVFF       __Lib_CAN_C_A_RegsToCANID_rslt_L0, __Lib_CAN_C_A_RegsToCANID_rslt_L0+1
0x0440	0x6A4F      	CLRF        __Lib_CAN_C_A_RegsToCANID_rslt_L0 
;__Lib_CAN_C_A.c,495 :: 		
0x0442	0x4A4C      	INFSNZ      FARG___Lib_CAN_C_A_RegsToCANID_ptr, 1 
0x0444	0x2A4D      	INCF        FARG___Lib_CAN_C_A_RegsToCANID_ptr+1, 1 
;__Lib_CAN_C_A.c,496 :: 		
0x0446	0xFFD9C04C  	MOVFF       FARG___Lib_CAN_C_A_RegsToCANID_ptr, FSR2L
0x044A	0xFFDAC04D  	MOVFF       FARG___Lib_CAN_C_A_RegsToCANID_ptr+1, FSR2H
0x044E	0x50DE      	MOVF        POSTINC2, 0 
0x0450	0x124F      	IORWF       __Lib_CAN_C_A_RegsToCANID_rslt_L0, 1 
0x0452	0x0E00      	MOVLW       0
0x0454	0x1250      	IORWF       __Lib_CAN_C_A_RegsToCANID_rslt_L0+1, 1 
0x0456	0x1251      	IORWF       __Lib_CAN_C_A_RegsToCANID_rslt_L0+2, 1 
0x0458	0x1252      	IORWF       __Lib_CAN_C_A_RegsToCANID_rslt_L0+3, 1 
;__Lib_CAN_C_A.c,499 :: 		
0x045A	0xF052C051  	MOVFF       __Lib_CAN_C_A_RegsToCANID_rslt_L0+2, __Lib_CAN_C_A_RegsToCANID_rslt_L0+3
0x045E	0xF051C050  	MOVFF       __Lib_CAN_C_A_RegsToCANID_rslt_L0+1, __Lib_CAN_C_A_RegsToCANID_rslt_L0+2
0x0462	0xF050C04F  	MOVFF       __Lib_CAN_C_A_RegsToCANID_rslt_L0, __Lib_CAN_C_A_RegsToCANID_rslt_L0+1
0x0466	0x6A4F      	CLRF        __Lib_CAN_C_A_RegsToCANID_rslt_L0 
;__Lib_CAN_C_A.c,500 :: 		
0x0468	0x4A4C      	INFSNZ      FARG___Lib_CAN_C_A_RegsToCANID_ptr, 1 
0x046A	0x2A4D      	INCF        FARG___Lib_CAN_C_A_RegsToCANID_ptr+1, 1 
;__Lib_CAN_C_A.c,502 :: 		
0x046C	0xFFD9C04C  	MOVFF       FARG___Lib_CAN_C_A_RegsToCANID_ptr, FSR2L
0x0470	0xFFDAC04D  	MOVFF       FARG___Lib_CAN_C_A_RegsToCANID_ptr+1, FSR2H
0x0474	0x50DE      	MOVF        POSTINC2, 0 
0x0476	0x124F      	IORWF       __Lib_CAN_C_A_RegsToCANID_rslt_L0, 1 
0x0478	0x0E00      	MOVLW       0
0x047A	0x1250      	IORWF       __Lib_CAN_C_A_RegsToCANID_rslt_L0+1, 1 
0x047C	0x1251      	IORWF       __Lib_CAN_C_A_RegsToCANID_rslt_L0+2, 1 
0x047E	0x1252      	IORWF       __Lib_CAN_C_A_RegsToCANID_rslt_L0+3, 1 
;__Lib_CAN_C_A.c,503 :: 		
L___Lib_CAN_C_A_RegsToCANID20:
;__Lib_CAN_C_A.c,504 :: 		
0x0480	0xF000C04F  	MOVFF       __Lib_CAN_C_A_RegsToCANID_rslt_L0, R0
0x0484	0xF001C050  	MOVFF       __Lib_CAN_C_A_RegsToCANID_rslt_L0+1, R1
0x0488	0xF002C051  	MOVFF       __Lib_CAN_C_A_RegsToCANID_rslt_L0+2, R2
0x048C	0xF003C052  	MOVFF       __Lib_CAN_C_A_RegsToCANID_rslt_L0+3, R3
;__Lib_CAN_C_A.c,505 :: 		
L_end_RegsToCANID:
0x0490	0x0012      	RETURN      0
; end of __Lib_CAN_C_A_RegsToCANID
_CANSetMask:
;__Lib_CAN_C_A.c,379 :: 		
;__Lib_CAN_C_A.c,381 :: 		
0x0492	0x504C      	MOVF        FARG_CANSetMask_CAN_MASK, 0 
0x0494	0x0A00      	XORLW       0
0x0496	0xE110      	BNZ         L_CANSetMask9
;__Lib_CAN_C_A.c,382 :: 		
0x0498	0x0E18      	MOVLW       RXM0SIDH
0x049A	0x6E53      	MOVWF       FARG___Lib_CAN_C_A_CANIDToRegs_ptr 
0x049C	0x0E0F      	MOVLW       hi_addr(RXM0SIDH)
0x049E	0x6E54      	MOVWF       FARG___Lib_CAN_C_A_CANIDToRegs_ptr+1 
0x04A0	0xF055C04D  	MOVFF       FARG_CANSetMask_val, FARG___Lib_CAN_C_A_CANIDToRegs_val
0x04A4	0xF056C04E  	MOVFF       FARG_CANSetMask_val+1, FARG___Lib_CAN_C_A_CANIDToRegs_val+1
0x04A8	0xF057C04F  	MOVFF       FARG_CANSetMask_val+2, FARG___Lib_CAN_C_A_CANIDToRegs_val+2
0x04AC	0xF058C050  	MOVFF       FARG_CANSetMask_val+3, FARG___Lib_CAN_C_A_CANIDToRegs_val+3
0x04B0	0xF059C051  	MOVFF       FARG_CANSetMask_CAN_CONFIG_FLAGS, FARG___Lib_CAN_C_A_CANIDToRegs_CAN_CONFIG_FLAGS
0x04B4	0xDDC8      	RCALL       __Lib_CAN_C_A_CANIDToRegs
0x04B6	0xD00F      	BRA         L_CANSetMask10
L_CANSetMask9:
;__Lib_CAN_C_A.c,385 :: 		
0x04B8	0x0E1C      	MOVLW       RXM1SIDH
0x04BA	0x6E53      	MOVWF       FARG___Lib_CAN_C_A_CANIDToRegs_ptr 
0x04BC	0x0E0F      	MOVLW       hi_addr(RXM1SIDH)
0x04BE	0x6E54      	MOVWF       FARG___Lib_CAN_C_A_CANIDToRegs_ptr+1 
0x04C0	0xF055C04D  	MOVFF       FARG_CANSetMask_val, FARG___Lib_CAN_C_A_CANIDToRegs_val
0x04C4	0xF056C04E  	MOVFF       FARG_CANSetMask_val+1, FARG___Lib_CAN_C_A_CANIDToRegs_val+1
0x04C8	0xF057C04F  	MOVFF       FARG_CANSetMask_val+2, FARG___Lib_CAN_C_A_CANIDToRegs_val+2
0x04CC	0xF058C050  	MOVFF       FARG_CANSetMask_val+3, FARG___Lib_CAN_C_A_CANIDToRegs_val+3
0x04D0	0xF059C051  	MOVFF       FARG_CANSetMask_CAN_CONFIG_FLAGS, FARG___Lib_CAN_C_A_CANIDToRegs_CAN_CONFIG_FLAGS
0x04D4	0xDDB8      	RCALL       __Lib_CAN_C_A_CANIDToRegs
L_CANSetMask10:
;__Lib_CAN_C_A.c,387 :: 		
L_end_CANSetMask:
0x04D6	0x0012      	RETURN      0
; end of _CANSetMask
_CANSetOperationMode:
;__Lib_CAN_C_A.c,243 :: 		
;__Lib_CAN_C_A.c,244 :: 		
0x04D8	0x524D      	MOVF        FARG_CANSetOperationMode_WAIT, 1 
0x04DA	0xE00A      	BZ          L_CANSetOperationMode2
;__Lib_CAN_C_A.c,246 :: 		
0x04DC	0xFF6FC04C  	MOVFF       FARG_CANSetOperationMode_mode, CANCON
;__Lib_CAN_C_A.c,248 :: 		
L_CANSetOperationMode3:
0x04E0	0x0EE0      	MOVLW       224
0x04E2	0x146E      	ANDWF       CANSTAT, 0 
0x04E4	0x6E01      	MOVWF       R1 
0x04E6	0x5001      	MOVF        R1, 0 
0x04E8	0x184C      	XORWF       FARG_CANSetOperationMode_mode, 0 
0x04EA	0xE001      	BZ          L_CANSetOperationMode4
0x04EC	0xD7F9      	BRA         L_CANSetOperationMode3
L_CANSetOperationMode4:
;__Lib_CAN_C_A.c,249 :: 		
0x04EE	0xD002      	BRA         L_CANSetOperationMode5
L_CANSetOperationMode2:
;__Lib_CAN_C_A.c,252 :: 		
0x04F0	0xFF6FC04C  	MOVFF       FARG_CANSetOperationMode_mode, CANCON
;__Lib_CAN_C_A.c,253 :: 		
L_CANSetOperationMode5:
;__Lib_CAN_C_A.c,254 :: 		
L_end_CANSetOperationMode:
0x04F4	0x0012      	RETURN      0
; end of _CANSetOperationMode
_Lcd_Chr_CP:
;__Lib_Lcd.c,50 :: 		
;__Lib_Lcd.c,52 :: 		
0x04F6	0x902A      	BCF         __Lib_Lcd_cmd_status, BitPos(__Lib_Lcd_cmd_status+0) 
;__Lib_Lcd.c,53 :: 		
0x04F8	0xF053C04C  	MOVFF       FARG_Lcd_Chr_CP_out_char, FARG_Lcd_Cmd_out_char
0x04FC	0xDE1D      	RCALL       _Lcd_Cmd
;__Lib_Lcd.c,54 :: 		
0x04FE	0x802A      	BSF         __Lib_Lcd_cmd_status, BitPos(__Lib_Lcd_cmd_status+0) 
;__Lib_Lcd.c,55 :: 		
L_end_Lcd_Chr_CP:
0x0500	0x0012      	RETURN      0
; end of _Lcd_Chr_CP
___CC2DW:
;__Lib_System.c,21 :: 		
;__Lib_System.c,23 :: 		
_CC2DL_Loop1:
;__Lib_System.c,24 :: 		
0x0502	0x0009      	TBLRD*+
;__Lib_System.c,25 :: 		
0x0504	0xFFE6CFF5  	MOVFF       TABLAT, POSTINC1
;__Lib_System.c,26 :: 		
0x0508	0x0600      	DECF        R0, 1, 0
;__Lib_System.c,27 :: 		
0x050A	0xE1FB      	BNZ         _CC2DL_Loop1
;__Lib_System.c,28 :: 		
0x050C	0x0601      	DECF        R1, 1, 0
;__Lib_System.c,29 :: 		
0x050E	0xE1F9      	BNZ         _CC2DL_Loop1
;__Lib_System.c,31 :: 		
L_end___CC2DW:
0x0510	0x0012      	RETURN      0
; end of ___CC2DW
_Lcd_Out:
;__Lib_Lcd.c,184 :: 		
;__Lib_Lcd.c,187 :: 		
0x0512	0xD00F      	BRA         L_Lcd_Out11
;__Lib_Lcd.c,188 :: 		
L_Lcd_Out13:
0x0514	0x0E80      	MOVLW       128
0x0516	0x6E3F      	MOVWF       FARG_Lcd_Out_row 
0x0518	0xD019      	BRA         L_Lcd_Out12
;__Lib_Lcd.c,189 :: 		
L_Lcd_Out14:
0x051A	0x0EC0      	MOVLW       192
0x051C	0x6E3F      	MOVWF       FARG_Lcd_Out_row 
0x051E	0xD016      	BRA         L_Lcd_Out12
;__Lib_Lcd.c,190 :: 		
L_Lcd_Out15:
0x0520	0x0E94      	MOVLW       148
0x0522	0x6E3F      	MOVWF       FARG_Lcd_Out_row 
0x0524	0xD013      	BRA         L_Lcd_Out12
;__Lib_Lcd.c,191 :: 		
L_Lcd_Out16:
0x0526	0x0ED4      	MOVLW       212
0x0528	0x6E3F      	MOVWF       FARG_Lcd_Out_row 
0x052A	0xD010      	BRA         L_Lcd_Out12
;__Lib_Lcd.c,192 :: 		
L_Lcd_Out17:
0x052C	0x0E80      	MOVLW       128
0x052E	0x6E3F      	MOVWF       FARG_Lcd_Out_row 
;__Lib_Lcd.c,193 :: 		
0x0530	0xD00D      	BRA         L_Lcd_Out12
L_Lcd_Out11:
0x0532	0x503F      	MOVF        FARG_Lcd_Out_row, 0 
0x0534	0x0A01      	XORLW       1
0x0536	0xE0EE      	BZ          L_Lcd_Out13
0x0538	0x503F      	MOVF        FARG_Lcd_Out_row, 0 
0x053A	0x0A02      	XORLW       2
0x053C	0xE0EE      	BZ          L_Lcd_Out14
0x053E	0x503F      	MOVF        FARG_Lcd_Out_row, 0 
0x0540	0x0A03      	XORLW       3
0x0542	0xE0EE      	BZ          L_Lcd_Out15
0x0544	0x503F      	MOVF        FARG_Lcd_Out_row, 0 
0x0546	0x0A04      	XORLW       4
0x0548	0xE0EE      	BZ          L_Lcd_Out16
0x054A	0xD7F0      	BRA         L_Lcd_Out17
L_Lcd_Out12:
;__Lib_Lcd.c,194 :: 		
0x054C	0x0440      	DECF        FARG_Lcd_Out_column, 0 
0x054E	0x6E00      	MOVWF       R0 
0x0550	0x503F      	MOVF        FARG_Lcd_Out_row, 0 
0x0552	0x2600      	ADDWF       R0, 1 
0x0554	0xF03FC000  	MOVFF       R0, FARG_Lcd_Out_row
;__Lib_Lcd.c,196 :: 		
0x0558	0xF053C000  	MOVFF       R0, FARG_Lcd_Cmd_out_char
0x055C	0xDDED      	RCALL       _Lcd_Cmd
;__Lib_Lcd.c,197 :: 		
0x055E	0x902A      	BCF         __Lib_Lcd_cmd_status, BitPos(__Lib_Lcd_cmd_status+0) 
;__Lib_Lcd.c,198 :: 		
0x0560	0x6A43      	CLRF        Lcd_Out_i_L0 
;__Lib_Lcd.c,199 :: 		
L_Lcd_Out18:
0x0562	0x5043      	MOVF        Lcd_Out_i_L0, 0 
0x0564	0x2441      	ADDWF       FARG_Lcd_Out_text, 0 
0x0566	0x6EE9      	MOVWF       FSR0L 
0x0568	0x0E00      	MOVLW       0
0x056A	0x2042      	ADDWFC      FARG_Lcd_Out_text+1, 0 
0x056C	0x6EEA      	MOVWF       FSR0H 
0x056E	0x52EE      	MOVF        POSTINC0, 1 
0x0570	0xE00B      	BZ          L_Lcd_Out19
;__Lib_Lcd.c,200 :: 		
0x0572	0x5043      	MOVF        Lcd_Out_i_L0, 0 
0x0574	0x2441      	ADDWF       FARG_Lcd_Out_text, 0 
0x0576	0x6EE9      	MOVWF       FSR0L 
0x0578	0x0E00      	MOVLW       0
0x057A	0x2042      	ADDWFC      FARG_Lcd_Out_text+1, 0 
0x057C	0x6EEA      	MOVWF       FSR0H 
0x057E	0xF04CCFEE  	MOVFF       POSTINC0, FARG_Lcd_Chr_CP_out_char
0x0582	0xDFB9      	RCALL       _Lcd_Chr_CP
0x0584	0x2A43      	INCF        Lcd_Out_i_L0, 1 
0x0586	0xD7ED      	BRA         L_Lcd_Out18
L_Lcd_Out19:
;__Lib_Lcd.c,201 :: 		
0x0588	0x802A      	BSF         __Lib_Lcd_cmd_status, BitPos(__Lib_Lcd_cmd_status+0) 
;__Lib_Lcd.c,202 :: 		
L_end_Lcd_Out:
0x058A	0x0012      	RETURN      0
; end of _Lcd_Out
_Lcd_Init:
;__Lib_Lcd.c,84 :: 		
;__Lib_Lcd.c,86 :: 		
0x058C	0x9A94      	BCF         LCD_EN_Direction, BitPos(LCD_EN_Direction+0) 
;__Lib_Lcd.c,87 :: 		
0x058E	0x9894      	BCF         LCD_RS_Direction, BitPos(LCD_RS_Direction+0) 
;__Lib_Lcd.c,88 :: 		
0x0590	0x9094      	BCF         LCD_D4_Direction, BitPos(LCD_D4_Direction+0) 
;__Lib_Lcd.c,89 :: 		
0x0592	0x9294      	BCF         LCD_D5_Direction, BitPos(LCD_D5_Direction+0) 
;__Lib_Lcd.c,90 :: 		
0x0594	0x9494      	BCF         LCD_D6_Direction, BitPos(LCD_D6_Direction+0) 
;__Lib_Lcd.c,91 :: 		
0x0596	0x9694      	BCF         LCD_D7_Direction, BitPos(LCD_D7_Direction+0) 
;__Lib_Lcd.c,93 :: 		
0x0598	0x9A82      	BCF         LCD_EN, BitPos(LCD_EN+0) 
;__Lib_Lcd.c,94 :: 		
0x059A	0x9882      	BCF         LCD_RS, BitPos(LCD_RS+0) 
;__Lib_Lcd.c,95 :: 		
0x059C	0x9682      	BCF         LCD_D7, BitPos(LCD_D7+0) 
;__Lib_Lcd.c,96 :: 		
0x059E	0x9482      	BCF         LCD_D6, BitPos(LCD_D6+0) 
;__Lib_Lcd.c,97 :: 		
0x05A0	0x9282      	BCF         LCD_D5, BitPos(LCD_D5+0) 
;__Lib_Lcd.c,98 :: 		
0x05A2	0x9082      	BCF         LCD_D4, BitPos(LCD_D4+0) 
;__Lib_Lcd.c,100 :: 		
0x05A4	0xDD3B      	RCALL       _Delay_5500us
;__Lib_Lcd.c,101 :: 		
0x05A6	0xDD3A      	RCALL       _Delay_5500us
;__Lib_Lcd.c,102 :: 		
0x05A8	0xDD39      	RCALL       _Delay_5500us
;__Lib_Lcd.c,105 :: 		
0x05AA	0x8282      	BSF         LCD_D5, BitPos(LCD_D5+0) 
;__Lib_Lcd.c,106 :: 		
0x05AC	0x8082      	BSF         LCD_D4, BitPos(LCD_D4+0) 
;__Lib_Lcd.c,107 :: 		
0x05AE	0x8A82      	BSF         LCD_EN, BitPos(LCD_EN+0) 
;__Lib_Lcd.c,108 :: 		
0x05B0	0xDD45      	RCALL       _Delay_1us
;__Lib_Lcd.c,109 :: 		
0x05B2	0x9A82      	BCF         LCD_EN, BitPos(LCD_EN+0) 
;__Lib_Lcd.c,110 :: 		
0x05B4	0xDD33      	RCALL       _Delay_5500us
;__Lib_Lcd.c,112 :: 		
0x05B6	0x8A82      	BSF         LCD_EN, BitPos(LCD_EN+0) 
;__Lib_Lcd.c,113 :: 		
0x05B8	0xDD41      	RCALL       _Delay_1us
;__Lib_Lcd.c,114 :: 		
0x05BA	0x9A82      	BCF         LCD_EN, BitPos(LCD_EN+0) 
;__Lib_Lcd.c,115 :: 		
0x05BC	0xDD2F      	RCALL       _Delay_5500us
;__Lib_Lcd.c,117 :: 		
0x05BE	0x8A82      	BSF         LCD_EN, BitPos(LCD_EN+0) 
;__Lib_Lcd.c,118 :: 		
0x05C0	0xDD3D      	RCALL       _Delay_1us
;__Lib_Lcd.c,119 :: 		
0x05C2	0x9A82      	BCF         LCD_EN, BitPos(LCD_EN+0) 
;__Lib_Lcd.c,120 :: 		
0x05C4	0xDD2B      	RCALL       _Delay_5500us
;__Lib_Lcd.c,123 :: 		
0x05C6	0x9082      	BCF         LCD_D4, BitPos(LCD_D4+0) 
;__Lib_Lcd.c,124 :: 		
0x05C8	0x8A82      	BSF         LCD_EN, BitPos(LCD_EN+0) 
;__Lib_Lcd.c,125 :: 		
0x05CA	0xDD38      	RCALL       _Delay_1us
;__Lib_Lcd.c,126 :: 		
0x05CC	0x9A82      	BCF         LCD_EN, BitPos(LCD_EN+0) 
;__Lib_Lcd.c,127 :: 		
0x05CE	0xDD26      	RCALL       _Delay_5500us
;__Lib_Lcd.c,130 :: 		
0x05D0	0x8A82      	BSF         LCD_EN, BitPos(LCD_EN+0) 
;__Lib_Lcd.c,131 :: 		
0x05D2	0xDD34      	RCALL       _Delay_1us
;__Lib_Lcd.c,132 :: 		
0x05D4	0x9A82      	BCF         LCD_EN, BitPos(LCD_EN+0) 
;__Lib_Lcd.c,134 :: 		
0x05D6	0x9282      	BCF         LCD_D5, BitPos(LCD_D5+0) 
;__Lib_Lcd.c,135 :: 		
0x05D8	0x8682      	BSF         LCD_D7, BitPos(LCD_D7+0) 
;__Lib_Lcd.c,136 :: 		
0x05DA	0x8A82      	BSF         LCD_EN, BitPos(LCD_EN+0) 
;__Lib_Lcd.c,137 :: 		
0x05DC	0xDD2F      	RCALL       _Delay_1us
;__Lib_Lcd.c,138 :: 		
0x05DE	0x9A82      	BCF         LCD_EN, BitPos(LCD_EN+0) 
;__Lib_Lcd.c,139 :: 		
0x05E0	0xDD1D      	RCALL       _Delay_5500us
;__Lib_Lcd.c,142 :: 		
0x05E2	0x9682      	BCF         LCD_D7, BitPos(LCD_D7+0) 
;__Lib_Lcd.c,143 :: 		
0x05E4	0x8082      	BSF         LCD_D4, BitPos(LCD_D4+0) 
;__Lib_Lcd.c,144 :: 		
0x05E6	0x8A82      	BSF         LCD_EN, BitPos(LCD_EN+0) 
;__Lib_Lcd.c,145 :: 		
0x05E8	0xDD29      	RCALL       _Delay_1us
;__Lib_Lcd.c,146 :: 		
0x05EA	0x9A82      	BCF         LCD_EN, BitPos(LCD_EN+0) 
;__Lib_Lcd.c,148 :: 		
0x05EC	0x9082      	BCF         LCD_D4, BitPos(LCD_D4+0) 
;__Lib_Lcd.c,149 :: 		
0x05EE	0x8A82      	BSF         LCD_EN, BitPos(LCD_EN+0) 
;__Lib_Lcd.c,150 :: 		
0x05F0	0xDD25      	RCALL       _Delay_1us
;__Lib_Lcd.c,151 :: 		
0x05F2	0x9A82      	BCF         LCD_EN, BitPos(LCD_EN+0) 
;__Lib_Lcd.c,152 :: 		
0x05F4	0xDD13      	RCALL       _Delay_5500us
;__Lib_Lcd.c,155 :: 		
0x05F6	0x8A82      	BSF         LCD_EN, BitPos(LCD_EN+0) 
;__Lib_Lcd.c,156 :: 		
0x05F8	0xDD21      	RCALL       _Delay_1us
;__Lib_Lcd.c,157 :: 		
0x05FA	0x9A82      	BCF         LCD_EN, BitPos(LCD_EN+0) 
;__Lib_Lcd.c,159 :: 		
0x05FC	0x8082      	BSF         LCD_D4, BitPos(LCD_D4+0) 
;__Lib_Lcd.c,160 :: 		
0x05FE	0x8A82      	BSF         LCD_EN, BitPos(LCD_EN+0) 
;__Lib_Lcd.c,161 :: 		
0x0600	0xDD1D      	RCALL       _Delay_1us
;__Lib_Lcd.c,162 :: 		
0x0602	0x9A82      	BCF         LCD_EN, BitPos(LCD_EN+0) 
;__Lib_Lcd.c,163 :: 		
0x0604	0xDD0B      	RCALL       _Delay_5500us
;__Lib_Lcd.c,166 :: 		
0x0606	0x9082      	BCF         LCD_D4, BitPos(LCD_D4+0) 
;__Lib_Lcd.c,167 :: 		
0x0608	0x8A82      	BSF         LCD_EN, BitPos(LCD_EN+0) 
;__Lib_Lcd.c,168 :: 		
0x060A	0xDD18      	RCALL       _Delay_1us
;__Lib_Lcd.c,169 :: 		
0x060C	0x9A82      	BCF         LCD_EN, BitPos(LCD_EN+0) 
;__Lib_Lcd.c,171 :: 		
0x060E	0x8682      	BSF         LCD_D7, BitPos(LCD_D7+0) 
;__Lib_Lcd.c,172 :: 		
0x0610	0x8482      	BSF         LCD_D6, BitPos(LCD_D6+0) 
;__Lib_Lcd.c,173 :: 		
0x0612	0x8282      	BSF         LCD_D5, BitPos(LCD_D5+0) 
;__Lib_Lcd.c,174 :: 		
0x0614	0x8082      	BSF         LCD_D4, BitPos(LCD_D4+0) 
;__Lib_Lcd.c,175 :: 		
0x0616	0x8A82      	BSF         LCD_EN, BitPos(LCD_EN+0) 
;__Lib_Lcd.c,176 :: 		
0x0618	0xDD11      	RCALL       _Delay_1us
;__Lib_Lcd.c,177 :: 		
0x061A	0x9A82      	BCF         LCD_EN, BitPos(LCD_EN+0) 
;__Lib_Lcd.c,179 :: 		
0x061C	0xDCFF      	RCALL       _Delay_5500us
;__Lib_Lcd.c,181 :: 		
0x061E	0x802A      	BSF         __Lib_Lcd_cmd_status, BitPos(__Lib_Lcd_cmd_status+0) 
;__Lib_Lcd.c,182 :: 		
L_end_Lcd_Init:
0x0620	0x0012      	RETURN      0
; end of _Lcd_Init
_CANRead:
;__Lib_CAN_C_A.c,638 :: 		
;__Lib_CAN_C_A.c,643 :: 		
0x0622	0xFFE1C045  	MOVFF       FARG_CANRead_CAN_RX_MSG_FLAGS, FSR1L
0x0626	0xFFE2C046  	MOVFF       FARG_CANRead_CAN_RX_MSG_FLAGS+1, FSR1H
0x062A	0x6AE6      	CLRF        POSTINC1 
;__Lib_CAN_C_A.c,645 :: 		
0x062C	0xAE60      	BTFSS       RXB0CON, 7 
0x062E	0xD02B      	BRA         L_CANRead32
;__Lib_CAN_C_A.c,647 :: 		
0x0630	0x0EF1      	MOVLW       241
0x0632	0x166F      	ANDWF       CANCON, 1 
;__Lib_CAN_C_A.c,648 :: 		
0x0634	0x0EFF      	MOVLW       255
0x0636	0x6E48      	MOVWF       CANRead_lbIsItBuffer0_L0 
;__Lib_CAN_C_A.c,650 :: 		
0x0638	0x90A4      	BCF         PIR3, 0 
;__Lib_CAN_C_A.c,652 :: 		
0x063A	0xAE74      	BTFSS       COMSTAT, 7 
0x063C	0xD00A      	BRA         L_CANRead33
;__Lib_CAN_C_A.c,653 :: 		
0x063E	0xFFE9C045  	MOVFF       FARG_CANRead_CAN_RX_MSG_FLAGS, FSR0L
0x0642	0xFFEAC046  	MOVFF       FARG_CANRead_CAN_RX_MSG_FLAGS+1, FSR0H
0x0646	0xFFE1C045  	MOVFF       FARG_CANRead_CAN_RX_MSG_FLAGS, FSR1L
0x064A	0xFFE2C046  	MOVFF       FARG_CANRead_CAN_RX_MSG_FLAGS+1, FSR1H
0x064E	0x86E6      	BSF         POSTINC1, 3 
;__Lib_CAN_C_A.c,654 :: 		
0x0650	0x9E74      	BCF         COMSTAT, 7 
;__Lib_CAN_C_A.c,655 :: 		
L_CANRead33:
;__Lib_CAN_C_A.c,656 :: 		
0x0652	0xA460      	BTFSS       RXB0CON, 2 
0x0654	0xD017      	BRA         L_CANRead34
;__Lib_CAN_C_A.c,657 :: 		
0x0656	0x0E07      	MOVLW       7
0x0658	0x1460      	ANDWF       RXB0CON, 0 
0x065A	0x6E00      	MOVWF       R0 
0x065C	0xFFE9C045  	MOVFF       FARG_CANRead_CAN_RX_MSG_FLAGS, FSR0L
0x0660	0xFFEAC046  	MOVFF       FARG_CANRead_CAN_RX_MSG_FLAGS+1, FSR0H
0x0664	0xFFE1C045  	MOVFF       FARG_CANRead_CAN_RX_MSG_FLAGS, FSR1L
0x0668	0xFFE2C046  	MOVFF       FARG_CANRead_CAN_RX_MSG_FLAGS+1, FSR1H
0x066C	0x5000      	MOVF        R0, 0 
0x066E	0x12EE      	IORWF       POSTINC0, 1 
;__Lib_CAN_C_A.c,658 :: 		
0x0670	0xFFE9C045  	MOVFF       FARG_CANRead_CAN_RX_MSG_FLAGS, FSR0L
0x0674	0xFFEAC046  	MOVFF       FARG_CANRead_CAN_RX_MSG_FLAGS+1, FSR0H
0x0678	0xFFE1C045  	MOVFF       FARG_CANRead_CAN_RX_MSG_FLAGS, FSR1L
0x067C	0xFFE2C046  	MOVFF       FARG_CANRead_CAN_RX_MSG_FLAGS+1, FSR1H
0x0680	0x0E01      	MOVLW       1
0x0682	0x16EE      	ANDWF       POSTINC0, 1 
;__Lib_CAN_C_A.c,659 :: 		
L_CANRead34:
;__Lib_CAN_C_A.c,660 :: 		
0x0684	0xD035      	BRA         L_CANRead35
L_CANRead32:
;__Lib_CAN_C_A.c,662 :: 		
0x0686	0x010F      	MOVLB       15
0x0688	0xAF50      	BTFSS       RXB1CON, 7, 1
0x068A	0xD030      	BRA         L_CANRead36
;__Lib_CAN_C_A.c,664 :: 		
0x068C	0x0EF1      	MOVLW       241
0x068E	0x166F      	ANDWF       CANCON, 1 
;__Lib_CAN_C_A.c,665 :: 		
0x0690	0x0E0A      	MOVLW       10
0x0692	0x126F      	IORWF       CANCON, 1 
;__Lib_CAN_C_A.c,666 :: 		
0x0694	0x6A48      	CLRF        CANRead_lbIsItBuffer0_L0 
;__Lib_CAN_C_A.c,668 :: 		
0x0696	0x92A4      	BCF         PIR3, 1 
;__Lib_CAN_C_A.c,670 :: 		
0x0698	0xAC74      	BTFSS       COMSTAT, 6 
0x069A	0xD00A      	BRA         L_CANRead37
;__Lib_CAN_C_A.c,671 :: 		
0x069C	0xFFE9C045  	MOVFF       FARG_CANRead_CAN_RX_MSG_FLAGS, FSR0L
0x06A0	0xFFEAC046  	MOVFF       FARG_CANRead_CAN_RX_MSG_FLAGS+1, FSR0H
0x06A4	0xFFE1C045  	MOVFF       FARG_CANRead_CAN_RX_MSG_FLAGS, FSR1L
0x06A8	0xFFE2C046  	MOVFF       FARG_CANRead_CAN_RX_MSG_FLAGS+1, FSR1H
0x06AC	0x86E6      	BSF         POSTINC1, 3 
;__Lib_CAN_C_A.c,672 :: 		
0x06AE	0x9C74      	BCF         COMSTAT, 6 
;__Lib_CAN_C_A.c,673 :: 		
L_CANRead37:
;__Lib_CAN_C_A.c,675 :: 		
0x06B0	0x0E07      	MOVLW       7
0x06B2	0x1550      	ANDWF       RXB1CON, 0, 1
0x06B4	0x6E00      	MOVWF       R0 
0x06B6	0xFFE9C045  	MOVFF       FARG_CANRead_CAN_RX_MSG_FLAGS, FSR0L
0x06BA	0xFFEAC046  	MOVFF       FARG_CANRead_CAN_RX_MSG_FLAGS+1, FSR0H
0x06BE	0xFFE1C045  	MOVFF       FARG_CANRead_CAN_RX_MSG_FLAGS, FSR1L
0x06C2	0xFFE2C046  	MOVFF       FARG_CANRead_CAN_RX_MSG_FLAGS+1, FSR1H
0x06C6	0x5000      	MOVF        R0, 0 
0x06C8	0x12EE      	IORWF       POSTINC0, 1 
;__Lib_CAN_C_A.c,676 :: 		
0x06CA	0xFFE9C045  	MOVFF       FARG_CANRead_CAN_RX_MSG_FLAGS, FSR0L
0x06CE	0xFFEAC046  	MOVFF       FARG_CANRead_CAN_RX_MSG_FLAGS+1, FSR0H
0x06D2	0x0E02      	MOVLW       2
0x06D4	0x5CEE      	SUBWF       POSTINC0, 0 
0x06D6	0xE209      	BC          L_CANRead38
;__Lib_CAN_C_A.c,677 :: 		
0x06D8	0xFFE9C045  	MOVFF       FARG_CANRead_CAN_RX_MSG_FLAGS, FSR0L
0x06DC	0xFFEAC046  	MOVFF       FARG_CANRead_CAN_RX_MSG_FLAGS+1, FSR0H
0x06E0	0xFFE1C045  	MOVFF       FARG_CANRead_CAN_RX_MSG_FLAGS, FSR1L
0x06E4	0xFFE2C046  	MOVFF       FARG_CANRead_CAN_RX_MSG_FLAGS+1, FSR1H
0x06E8	0x8EE6      	BSF         POSTINC1, 7 
L_CANRead38:
;__Lib_CAN_C_A.c,678 :: 		
0x06EA	0xD002      	BRA         L_CANRead39
L_CANRead36:
;__Lib_CAN_C_A.c,680 :: 		
0x06EC	0x6A00      	CLRF        R0 
0x06EE	0xD076      	BRA         L_end_CANRead
;__Lib_CAN_C_A.c,681 :: 		
L_CANRead39:
L_CANRead35:
;__Lib_CAN_C_A.c,684 :: 		
0x06F0	0x0E0F      	MOVLW       15
0x06F2	0x1465      	ANDWF       RXB0DLC, 0 
0x06F4	0x6E00      	MOVWF       R0 
0x06F6	0xF049C000  	MOVFF       R0, CANRead_ddatalen_L0
;__Lib_CAN_C_A.c,685 :: 		
0x06FA	0xFFE1C043  	MOVFF       FARG_CANRead_dataLen, FSR1L
0x06FE	0xFFE2C044  	MOVFF       FARG_CANRead_dataLen+1, FSR1H
0x0702	0xFFE6C000  	MOVFF       R0, POSTINC1
;__Lib_CAN_C_A.c,687 :: 		
0x0706	0xAC65      	BTFSS       RXB0DLC, 6 
0x0708	0xD009      	BRA         L_CANRead40
;__Lib_CAN_C_A.c,688 :: 		
0x070A	0xFFE9C045  	MOVFF       FARG_CANRead_CAN_RX_MSG_FLAGS, FSR0L
0x070E	0xFFEAC046  	MOVFF       FARG_CANRead_CAN_RX_MSG_FLAGS+1, FSR0H
0x0712	0xFFE1C045  	MOVFF       FARG_CANRead_CAN_RX_MSG_FLAGS, FSR1L
0x0716	0xFFE2C046  	MOVFF       FARG_CANRead_CAN_RX_MSG_FLAGS+1, FSR1H
0x071A	0x8CE6      	BSF         POSTINC1, 6 
L_CANRead40:
;__Lib_CAN_C_A.c,691 :: 		
0x071C	0xA662      	BTFSS       RXB0SIDL, 3 
0x071E	0xD01D      	BRA         L_CANRead41
;__Lib_CAN_C_A.c,692 :: 		
0x0720	0xFFE9C045  	MOVFF       FARG_CANRead_CAN_RX_MSG_FLAGS, FSR0L
0x0724	0xFFEAC046  	MOVFF       FARG_CANRead_CAN_RX_MSG_FLAGS+1, FSR0H
0x0728	0xFFE1C045  	MOVFF       FARG_CANRead_CAN_RX_MSG_FLAGS, FSR1L
0x072C	0xFFE2C046  	MOVFF       FARG_CANRead_CAN_RX_MSG_FLAGS+1, FSR1H
0x0730	0x8AE6      	BSF         POSTINC1, 5 
;__Lib_CAN_C_A.c,693 :: 		
0x0732	0x0E61      	MOVLW       RXB0SIDH
0x0734	0x6E4C      	MOVWF       FARG___Lib_CAN_C_A_RegsToCANID_ptr 
0x0736	0x0E0F      	MOVLW       hi_addr(RXB0SIDH)
0x0738	0x6E4D      	MOVWF       FARG___Lib_CAN_C_A_RegsToCANID_ptr+1 
0x073A	0x0EF7      	MOVLW       247
0x073C	0x6E4E      	MOVWF       FARG___Lib_CAN_C_A_RegsToCANID_CAN_CONFIG_FLAGS 
0x073E	0xDDDF      	RCALL       __Lib_CAN_C_A_RegsToCANID
0x0740	0xFFE1C03F  	MOVFF       FARG_CANRead_id, FSR1L
0x0744	0xFFE2C040  	MOVFF       FARG_CANRead_id+1, FSR1H
0x0748	0xFFE6C000  	MOVFF       R0, POSTINC1
0x074C	0xFFE6C001  	MOVFF       R1, POSTINC1
0x0750	0xFFE6C002  	MOVFF       R2, POSTINC1
0x0754	0xFFE6C003  	MOVFF       R3, POSTINC1
;__Lib_CAN_C_A.c,694 :: 		
0x0758	0xD013      	BRA         L_CANRead42
L_CANRead41:
;__Lib_CAN_C_A.c,696 :: 		
0x075A	0x0E61      	MOVLW       RXB0SIDH
0x075C	0x6E4C      	MOVWF       FARG___Lib_CAN_C_A_RegsToCANID_ptr 
0x075E	0x0E0F      	MOVLW       hi_addr(RXB0SIDH)
0x0760	0x6E4D      	MOVWF       FARG___Lib_CAN_C_A_RegsToCANID_ptr+1 
0x0762	0x0EFF      	MOVLW       255
0x0764	0x6E4E      	MOVWF       FARG___Lib_CAN_C_A_RegsToCANID_CAN_CONFIG_FLAGS 
0x0766	0xDDCB      	RCALL       __Lib_CAN_C_A_RegsToCANID
0x0768	0xFFE1C03F  	MOVFF       FARG_CANRead_id, FSR1L
0x076C	0xFFE2C040  	MOVFF       FARG_CANRead_id+1, FSR1H
0x0770	0xFFE6C000  	MOVFF       R0, POSTINC1
0x0774	0xFFE6C001  	MOVFF       R1, POSTINC1
0x0778	0xFFE6C002  	MOVFF       R2, POSTINC1
0x077C	0xFFE6C003  	MOVFF       R3, POSTINC1
L_CANRead42:
;__Lib_CAN_C_A.c,699 :: 		
0x0780	0x6A47      	CLRF        CANRead_i_L0 
;__Lib_CAN_C_A.c,700 :: 		
0x0782	0x0E66      	MOVLW       RXB0D0
0x0784	0x6E4A      	MOVWF       CANRead_ptr_L0 
0x0786	0x0E0F      	MOVLW       hi_addr(RXB0D0)
0x0788	0x6E4B      	MOVWF       CANRead_ptr_L0+1 
;__Lib_CAN_C_A.c,701 :: 		
L_CANRead43:
0x078A	0x5049      	MOVF        CANRead_ddatalen_L0, 0 
0x078C	0x5C47      	SUBWF       CANRead_i_L0, 0 
0x078E	0xE210      	BC          L_CANRead44
;__Lib_CAN_C_A.c,702 :: 		
0x0790	0x5047      	MOVF        CANRead_i_L0, 0 
0x0792	0x2441      	ADDWF       FARG_CANRead_data_, 0 
0x0794	0x6EE1      	MOVWF       FSR1L 
0x0796	0x0E00      	MOVLW       0
0x0798	0x2042      	ADDWFC      FARG_CANRead_data_+1, 0 
0x079A	0x6EE2      	MOVWF       FSR1H 
0x079C	0x5047      	MOVF        CANRead_i_L0, 0 
0x079E	0x244A      	ADDWF       CANRead_ptr_L0, 0 
0x07A0	0x6EE9      	MOVWF       FSR0L 
0x07A2	0x0E00      	MOVLW       0
0x07A4	0x204B      	ADDWFC      CANRead_ptr_L0+1, 0 
0x07A6	0x6EEA      	MOVWF       FSR0H 
0x07A8	0xFFE6CFEE  	MOVFF       POSTINC0, POSTINC1
;__Lib_CAN_C_A.c,703 :: 		
0x07AC	0x2A47      	INCF        CANRead_i_L0, 1 
;__Lib_CAN_C_A.c,704 :: 		
0x07AE	0xD7ED      	BRA         L_CANRead43
L_CANRead44:
;__Lib_CAN_C_A.c,707 :: 		
0x07B0	0x0EF1      	MOVLW       241
0x07B2	0x166F      	ANDWF       CANCON, 1 
;__Lib_CAN_C_A.c,710 :: 		
0x07B4	0xAEA4      	BTFSS       PIR3, 7 
0x07B6	0xD00A      	BRA         L_CANRead45
;__Lib_CAN_C_A.c,711 :: 		
0x07B8	0xFFE9C045  	MOVFF       FARG_CANRead_CAN_RX_MSG_FLAGS, FSR0L
0x07BC	0xFFEAC046  	MOVFF       FARG_CANRead_CAN_RX_MSG_FLAGS+1, FSR0H
0x07C0	0xFFE1C045  	MOVFF       FARG_CANRead_CAN_RX_MSG_FLAGS, FSR1L
0x07C4	0xFFE2C046  	MOVFF       FARG_CANRead_CAN_RX_MSG_FLAGS+1, FSR1H
0x07C8	0x88E6      	BSF         POSTINC1, 4 
;__Lib_CAN_C_A.c,712 :: 		
0x07CA	0x9EA4      	BCF         PIR3, 7 
;__Lib_CAN_C_A.c,713 :: 		
L_CANRead45:
;__Lib_CAN_C_A.c,715 :: 		
0x07CC	0x5248      	MOVF        CANRead_lbIsItBuffer0_L0, 1 
0x07CE	0xE002      	BZ          L_CANRead46
;__Lib_CAN_C_A.c,716 :: 		
0x07D0	0x9E60      	BCF         RXB0CON, 7 
0x07D2	0xD002      	BRA         L_CANRead47
L_CANRead46:
;__Lib_CAN_C_A.c,718 :: 		
0x07D4	0x010F      	MOVLB       15
0x07D6	0x9F50      	BCF         RXB1CON, 7, 1
L_CANRead47:
;__Lib_CAN_C_A.c,720 :: 		
0x07D8	0x0EFF      	MOVLW       255
0x07DA	0x6E00      	MOVWF       R0 
;__Lib_CAN_C_A.c,721 :: 		
L_end_CANRead:
0x07DC	0x0012      	RETURN      0
; end of _CANRead
_ByteToStr:
;__Lib_Conversions.c,66 :: 		
;__Lib_Conversions.c,69 :: 		
0x07DE	0x6A42      	CLRF        ByteToStr_DigitPos_L0 
L_ByteToStr0:
0x07E0	0x0E03      	MOVLW       3
0x07E2	0x5C42      	SUBWF       ByteToStr_DigitPos_L0, 0 
0x07E4	0xE20A      	BC          L_ByteToStr1
;__Lib_Conversions.c,70 :: 		
0x07E6	0x5042      	MOVF        ByteToStr_DigitPos_L0, 0 
0x07E8	0x2440      	ADDWF       FARG_ByteToStr_output, 0 
0x07EA	0x6EE1      	MOVWF       FSR1L 
0x07EC	0x0E00      	MOVLW       0
0x07EE	0x2041      	ADDWFC      FARG_ByteToStr_output+1, 0 
0x07F0	0x6EE2      	MOVWF       FSR1H 
0x07F2	0x0E20      	MOVLW       32
0x07F4	0x6EE6      	MOVWF       POSTINC1 
;__Lib_Conversions.c,69 :: 		
0x07F6	0x2A42      	INCF        ByteToStr_DigitPos_L0, 1 
;__Lib_Conversions.c,70 :: 		
0x07F8	0xD7F3      	BRA         L_ByteToStr0
L_ByteToStr1:
;__Lib_Conversions.c,72 :: 		
0x07FA	0x5042      	MOVF        ByteToStr_DigitPos_L0, 0 
0x07FC	0x2440      	ADDWF       FARG_ByteToStr_output, 0 
0x07FE	0x6EE1      	MOVWF       FSR1L 
0x0800	0x0E00      	MOVLW       0
0x0802	0x2041      	ADDWFC      FARG_ByteToStr_output+1, 0 
0x0804	0x6EE2      	MOVWF       FSR1H 
0x0806	0x6AE6      	CLRF        POSTINC1 
0x0808	0x0642      	DECF        ByteToStr_DigitPos_L0, 1 
;__Lib_Conversions.c,74 :: 		
L_ByteToStr3:
;__Lib_Conversions.c,75 :: 		
0x080A	0x5042      	MOVF        ByteToStr_DigitPos_L0, 0 
0x080C	0x2440      	ADDWF       FARG_ByteToStr_output, 0 
0x080E	0x6E43      	MOVWF       FLOC__ByteToStr 
0x0810	0x0E00      	MOVLW       0
0x0812	0x2041      	ADDWFC      FARG_ByteToStr_output+1, 0 
0x0814	0x6E44      	MOVWF       FLOC__ByteToStr+1 
0x0816	0x0E0A      	MOVLW       10
0x0818	0x6E04      	MOVWF       R4 
0x081A	0xF000C03F  	MOVFF       FARG_ByteToStr_input, R0
0x081E	0xDCCA      	RCALL       _Div_8X8_U
0x0820	0xF000C008  	MOVFF       R8, R0
0x0824	0x0E30      	MOVLW       48
0x0826	0x2600      	ADDWF       R0, 1 
0x0828	0xFFE1C043  	MOVFF       FLOC__ByteToStr, FSR1L
0x082C	0xFFE2C044  	MOVFF       FLOC__ByteToStr+1, FSR1H
0x0830	0xFFE6C000  	MOVFF       R0, POSTINC1
;__Lib_Conversions.c,76 :: 		
0x0834	0x0E0A      	MOVLW       10
0x0836	0x6E04      	MOVWF       R4 
0x0838	0xF000C03F  	MOVFF       FARG_ByteToStr_input, R0
0x083C	0xDCBB      	RCALL       _Div_8X8_U
0x083E	0xF03FC000  	MOVFF       R0, FARG_ByteToStr_input
;__Lib_Conversions.c,77 :: 		
0x0842	0x5000      	MOVF        R0, 0 
0x0844	0x0A00      	XORLW       0
0x0846	0xE101      	BNZ         L_ByteToStr5
;__Lib_Conversions.c,78 :: 		
0x0848	0xD002      	BRA         L_ByteToStr4
L_ByteToStr5:
;__Lib_Conversions.c,79 :: 		
0x084A	0x0642      	DECF        ByteToStr_DigitPos_L0, 1 
;__Lib_Conversions.c,80 :: 		
0x084C	0xD7DE      	BRA         L_ByteToStr3
L_ByteToStr4:
;__Lib_Conversions.c,81 :: 		
L_end_ByteToStr:
0x084E	0x0012      	RETURN      0
; end of _ByteToStr
_CANInitialize:
;__Lib_CAN_C_A.c,769 :: 		
;__Lib_CAN_C_A.c,774 :: 		
0x0850	0x9493      	BCF         TRISB, 2 
;__Lib_CAN_C_A.c,775 :: 		
0x0852	0x8693      	BSF         TRISB, 3 
;__Lib_CAN_C_A.c,776 :: 		
0x0854	0x0E80      	MOVLW       128
0x0856	0x6E4C      	MOVWF       FARG_CANSetOperationMode_mode 
0x0858	0x0EFF      	MOVLW       255
0x085A	0x6E4D      	MOVWF       FARG_CANSetOperationMode_WAIT 
0x085C	0xDE3D      	RCALL       _CANSetOperationMode
;__Lib_CAN_C_A.c,779 :: 		
0x085E	0xF04CC03F  	MOVFF       FARG_CANInitialize_SJW, FARG_CANSetBaudRate_SJW
;__Lib_CAN_C_A.c,780 :: 		
0x0862	0xF04DC040  	MOVFF       FARG_CANInitialize_BRP, FARG_CANSetBaudRate_BRP
;__Lib_CAN_C_A.c,781 :: 		
0x0866	0xF04EC041  	MOVFF       FARG_CANInitialize_PHSEG1, FARG_CANSetBaudRate_PHSEG1
;__Lib_CAN_C_A.c,782 :: 		
0x086A	0xF04FC042  	MOVFF       FARG_CANInitialize_PHSEG2, FARG_CANSetBaudRate_PHSEG2
;__Lib_CAN_C_A.c,783 :: 		
0x086E	0xF050C043  	MOVFF       FARG_CANInitialize_PROPSEG, FARG_CANSetBaudRate_PROPSEG
;__Lib_CAN_C_A.c,784 :: 		
0x0872	0xF051C044  	MOVFF       FARG_CANInitialize_CAN_CONFIG_FLAGS, FARG_CANSetBaudRate_CAN_CONFIG_FLAGS
0x0876	0xDCAD      	RCALL       _CANSetBaudRate
;__Lib_CAN_C_A.c,786 :: 		
0x0878	0x0E60      	MOVLW       96
0x087A	0x1444      	ANDWF       FARG_CANInitialize_CAN_CONFIG_FLAGS, 0 
0x087C	0x6E60      	MOVWF       RXB0CON 
;__Lib_CAN_C_A.c,787 :: 		
0x087E	0x0E10      	MOVLW       16
0x0880	0x1444      	ANDWF       FARG_CANInitialize_CAN_CONFIG_FLAGS, 0 
0x0882	0x6E01      	MOVWF       R1 
;__Lib_CAN_C_A.c,788 :: 		
0x0884	0x5001      	MOVF        R1, 0 
0x0886	0x0A10      	XORLW       16
0x0888	0xB4D8      	BTFSC       STATUS, 2 
;__Lib_CAN_C_A.c,789 :: 		
0x088A	0x8460      	BSF         RXB0CON, 2 
L_CANInitialize48:
;__Lib_CAN_C_A.c,791 :: 		
0x088C	0xFF50CF60  	MOVFF       RXB0CON, RXB1CON
;__Lib_CAN_C_A.c,793 :: 		
0x0890	0x6A4C      	CLRF        FARG_CANSetMask_CAN_MASK 
0x0892	0x6A4D      	CLRF        FARG_CANSetMask_val 
0x0894	0x6A4E      	CLRF        FARG_CANSetMask_val+1 
0x0896	0x6A4F      	CLRF        FARG_CANSetMask_val+2 
0x0898	0x6A50      	CLRF        FARG_CANSetMask_val+3 
0x089A	0x0EF7      	MOVLW       247
0x089C	0x6E51      	MOVWF       FARG_CANSetMask_CAN_CONFIG_FLAGS 
0x089E	0xDDF9      	RCALL       _CANSetMask
;__Lib_CAN_C_A.c,794 :: 		
0x08A0	0x0E01      	MOVLW       1
0x08A2	0x6E4C      	MOVWF       FARG_CANSetMask_CAN_MASK 
0x08A4	0x6A4D      	CLRF        FARG_CANSetMask_val 
0x08A6	0x6A4E      	CLRF        FARG_CANSetMask_val+1 
0x08A8	0x6A4F      	CLRF        FARG_CANSetMask_val+2 
0x08AA	0x6A50      	CLRF        FARG_CANSetMask_val+3 
0x08AC	0x0EF7      	MOVLW       247
0x08AE	0x6E51      	MOVWF       FARG_CANSetMask_CAN_CONFIG_FLAGS 
0x08B0	0xDDF0      	RCALL       _CANSetMask
;__Lib_CAN_C_A.c,796 :: 		
0x08B2	0x0E60      	MOVLW       96
0x08B4	0x1444      	ANDWF       FARG_CANInitialize_CAN_CONFIG_FLAGS, 0 
0x08B6	0x6E00      	MOVWF       R0 
0x08B8	0x0E9F      	MOVLW       159
0x08BA	0x1000      	IORWF       R0, 0 
0x08BC	0x6E01      	MOVWF       R1 
0x08BE	0xD00F      	BRA         L_CANInitialize49
;__Lib_CAN_C_A.c,798 :: 		
L_CANInitialize51:
;__Lib_CAN_C_A.c,799 :: 		
0x08C0	0x0EF7      	MOVLW       247
0x08C2	0x6E45      	MOVWF       CANInitialize_FilterConfig1_L0 
;__Lib_CAN_C_A.c,800 :: 		
0x08C4	0x0EF7      	MOVLW       247
0x08C6	0x6E46      	MOVWF       CANInitialize_FilterConfig2_L0 
;__Lib_CAN_C_A.c,801 :: 		
0x08C8	0xD011      	BRA         L_CANInitialize50
;__Lib_CAN_C_A.c,802 :: 		
L_CANInitialize52:
;__Lib_CAN_C_A.c,803 :: 		
0x08CA	0x0EFF      	MOVLW       255
0x08CC	0x6E45      	MOVWF       CANInitialize_FilterConfig1_L0 
;__Lib_CAN_C_A.c,804 :: 		
0x08CE	0x0EFF      	MOVLW       255
0x08D0	0x6E46      	MOVWF       CANInitialize_FilterConfig2_L0 
;__Lib_CAN_C_A.c,805 :: 		
0x08D2	0xD00C      	BRA         L_CANInitialize50
;__Lib_CAN_C_A.c,806 :: 		
L_CANInitialize53:
;__Lib_CAN_C_A.c,807 :: 		
0x08D4	0x0EFF      	MOVLW       255
0x08D6	0x6E45      	MOVWF       CANInitialize_FilterConfig1_L0 
;__Lib_CAN_C_A.c,808 :: 		
0x08D8	0x0EF7      	MOVLW       247
0x08DA	0x6E46      	MOVWF       CANInitialize_FilterConfig2_L0 
;__Lib_CAN_C_A.c,809 :: 		
0x08DC	0xD007      	BRA         L_CANInitialize50
L_CANInitialize49:
0x08DE	0x5001      	MOVF        R1, 0 
0x08E0	0x0ADF      	XORLW       223
0x08E2	0xE0EE      	BZ          L_CANInitialize51
0x08E4	0x5001      	MOVF        R1, 0 
0x08E6	0x0ABF      	XORLW       191
0x08E8	0xE0F0      	BZ          L_CANInitialize52
0x08EA	0xD7F4      	BRA         L_CANInitialize53
L_CANInitialize50:
;__Lib_CAN_C_A.c,812 :: 		
0x08EC	0x6A4C      	CLRF        FARG_CANSetFilter_CAN_FILTER 
0x08EE	0x6A4D      	CLRF        FARG_CANSetFilter_val 
0x08F0	0x6A4E      	CLRF        FARG_CANSetFilter_val+1 
0x08F2	0x6A4F      	CLRF        FARG_CANSetFilter_val+2 
0x08F4	0x6A50      	CLRF        FARG_CANSetFilter_val+3 
0x08F6	0xF051C045  	MOVFF       CANInitialize_FilterConfig1_L0, FARG_CANSetFilter_CAN_CONFIG_FLAGS
0x08FA	0xDC8F      	RCALL       _CANSetFilter
;__Lib_CAN_C_A.c,813 :: 		
0x08FC	0x0E01      	MOVLW       1
0x08FE	0x6E4C      	MOVWF       FARG_CANSetFilter_CAN_FILTER 
0x0900	0x6A4D      	CLRF        FARG_CANSetFilter_val 
0x0902	0x6A4E      	CLRF        FARG_CANSetFilter_val+1 
0x0904	0x6A4F      	CLRF        FARG_CANSetFilter_val+2 
0x0906	0x6A50      	CLRF        FARG_CANSetFilter_val+3 
0x0908	0xF051C045  	MOVFF       CANInitialize_FilterConfig1_L0, FARG_CANSetFilter_CAN_CONFIG_FLAGS
0x090C	0xDC86      	RCALL       _CANSetFilter
;__Lib_CAN_C_A.c,814 :: 		
0x090E	0x0E02      	MOVLW       2
0x0910	0x6E4C      	MOVWF       FARG_CANSetFilter_CAN_FILTER 
0x0912	0x6A4D      	CLRF        FARG_CANSetFilter_val 
0x0914	0x6A4E      	CLRF        FARG_CANSetFilter_val+1 
0x0916	0x6A4F      	CLRF        FARG_CANSetFilter_val+2 
0x0918	0x6A50      	CLRF        FARG_CANSetFilter_val+3 
0x091A	0xF051C046  	MOVFF       CANInitialize_FilterConfig2_L0, FARG_CANSetFilter_CAN_CONFIG_FLAGS
0x091E	0xDC7D      	RCALL       _CANSetFilter
;__Lib_CAN_C_A.c,815 :: 		
0x0920	0x0E03      	MOVLW       3
0x0922	0x6E4C      	MOVWF       FARG_CANSetFilter_CAN_FILTER 
0x0924	0x6A4D      	CLRF        FARG_CANSetFilter_val 
0x0926	0x6A4E      	CLRF        FARG_CANSetFilter_val+1 
0x0928	0x6A4F      	CLRF        FARG_CANSetFilter_val+2 
0x092A	0x6A50      	CLRF        FARG_CANSetFilter_val+3 
0x092C	0xF051C046  	MOVFF       CANInitialize_FilterConfig2_L0, FARG_CANSetFilter_CAN_CONFIG_FLAGS
0x0930	0xDC74      	RCALL       _CANSetFilter
;__Lib_CAN_C_A.c,816 :: 		
0x0932	0x0E04      	MOVLW       4
0x0934	0x6E4C      	MOVWF       FARG_CANSetFilter_CAN_FILTER 
0x0936	0x6A4D      	CLRF        FARG_CANSetFilter_val 
0x0938	0x6A4E      	CLRF        FARG_CANSetFilter_val+1 
0x093A	0x6A4F      	CLRF        FARG_CANSetFilter_val+2 
0x093C	0x6A50      	CLRF        FARG_CANSetFilter_val+3 
0x093E	0xF051C046  	MOVFF       CANInitialize_FilterConfig2_L0, FARG_CANSetFilter_CAN_CONFIG_FLAGS
0x0942	0xDC6B      	RCALL       _CANSetFilter
;__Lib_CAN_C_A.c,817 :: 		
0x0944	0x0E05      	MOVLW       5
0x0946	0x6E4C      	MOVWF       FARG_CANSetFilter_CAN_FILTER 
0x0948	0x6A4D      	CLRF        FARG_CANSetFilter_val 
0x094A	0x6A4E      	CLRF        FARG_CANSetFilter_val+1 
0x094C	0x6A4F      	CLRF        FARG_CANSetFilter_val+2 
0x094E	0x6A50      	CLRF        FARG_CANSetFilter_val+3 
0x0950	0xF051C046  	MOVFF       CANInitialize_FilterConfig2_L0, FARG_CANSetFilter_CAN_CONFIG_FLAGS
0x0954	0xDC62      	RCALL       _CANSetFilter
;__Lib_CAN_C_A.c,820 :: 		
0x0956	0x6A4C      	CLRF        FARG_CANSetOperationMode_mode 
0x0958	0x0EFF      	MOVLW       255
0x095A	0x6E4D      	MOVWF       FARG_CANSetOperationMode_WAIT 
0x095C	0xDDBD      	RCALL       _CANSetOperationMode
;__Lib_CAN_C_A.c,821 :: 		
L_end_CANInitialize:
0x095E	0x0012      	RETURN      0
; end of _CANInitialize
_CANWrite:
;__Lib_CAN_C_A.c,532 :: 		
;__Lib_CAN_C_A.c,538 :: 		
0x0960	0x010F      	MOVLB       15
0x0962	0xB740      	BTFSC       TXB0CON, 3, 1
0x0964	0xD004      	BRA         L_CANWrite21
;__Lib_CAN_C_A.c,540 :: 		
0x0966	0x0EF1      	MOVLW       241
0x0968	0x166F      	ANDWF       CANCON, 1 
;__Lib_CAN_C_A.c,541 :: 		
0x096A	0x866F      	BSF         CANCON, 3 
;__Lib_CAN_C_A.c,542 :: 		
0x096C	0xD00F      	BRA         L_CANWrite22
L_CANWrite21:
;__Lib_CAN_C_A.c,544 :: 		
0x096E	0xB730      	BTFSC       TXB1CON, 3, 1
0x0970	0xD005      	BRA         L_CANWrite23
;__Lib_CAN_C_A.c,546 :: 		
0x0972	0x0EF1      	MOVLW       241
0x0974	0x166F      	ANDWF       CANCON, 1 
;__Lib_CAN_C_A.c,547 :: 		
0x0976	0x0E06      	MOVLW       6
0x0978	0x126F      	IORWF       CANCON, 1 
;__Lib_CAN_C_A.c,548 :: 		
0x097A	0xD008      	BRA         L_CANWrite24
L_CANWrite23:
;__Lib_CAN_C_A.c,550 :: 		
0x097C	0xB720      	BTFSC       TXB2CON, 3, 1
0x097E	0xD004      	BRA         L_CANWrite25
;__Lib_CAN_C_A.c,552 :: 		
0x0980	0x0EF1      	MOVLW       241
0x0982	0x166F      	ANDWF       CANCON, 1 
;__Lib_CAN_C_A.c,553 :: 		
0x0984	0x846F      	BSF         CANCON, 2 
;__Lib_CAN_C_A.c,554 :: 		
0x0986	0xD002      	BRA         L_CANWrite26
L_CANWrite25:
;__Lib_CAN_C_A.c,559 :: 		
0x0988	0x6A00      	CLRF        R0 
0x098A	0xD047      	BRA         L_end_CANWrite
;__Lib_CAN_C_A.c,560 :: 		
L_CANWrite26:
;__Lib_CAN_C_A.c,561 :: 		
L_CANWrite24:
;__Lib_CAN_C_A.c,562 :: 		
L_CANWrite22:
;__Lib_CAN_C_A.c,569 :: 		
0x098C	0x0E03      	MOVLW       3
0x098E	0x1446      	ANDWF       FARG_CANWrite_CAN_TX_MSG_FLAGS, 0 
0x0990	0x6E60      	MOVWF       RXB0CON 
;__Lib_CAN_C_A.c,573 :: 		
0x0992	0xB646      	BTFSC       FARG_CANWrite_CAN_TX_MSG_FLAGS, 3 
0x0994	0xD011      	BRA         L_CANWrite27
;__Lib_CAN_C_A.c,574 :: 		
0x0996	0x0E61      	MOVLW       RXB0SIDH
0x0998	0x6E53      	MOVWF       FARG___Lib_CAN_C_A_CANIDToRegs_ptr 
0x099A	0x0E0F      	MOVLW       hi_addr(RXB0SIDH)
0x099C	0x6E54      	MOVWF       FARG___Lib_CAN_C_A_CANIDToRegs_ptr+1 
0x099E	0xF055C03F  	MOVFF       FARG_CANWrite_id, FARG___Lib_CAN_C_A_CANIDToRegs_val
0x09A2	0xF056C040  	MOVFF       FARG_CANWrite_id+1, FARG___Lib_CAN_C_A_CANIDToRegs_val+1
0x09A6	0xF057C041  	MOVFF       FARG_CANWrite_id+2, FARG___Lib_CAN_C_A_CANIDToRegs_val+2
0x09AA	0xF058C042  	MOVFF       FARG_CANWrite_id+3, FARG___Lib_CAN_C_A_CANIDToRegs_val+3
0x09AE	0x0EF7      	MOVLW       247
0x09B0	0x6E59      	MOVWF       FARG___Lib_CAN_C_A_CANIDToRegs_CAN_CONFIG_FLAGS 
0x09B2	0xF000EC23  	CALL        __Lib_CAN_C_A_CANIDToRegs, 0
0x09B6	0xD010      	BRA         L_CANWrite28
L_CANWrite27:
;__Lib_CAN_C_A.c,576 :: 		
0x09B8	0x0E61      	MOVLW       RXB0SIDH
0x09BA	0x6E53      	MOVWF       FARG___Lib_CAN_C_A_CANIDToRegs_ptr 
0x09BC	0x0E0F      	MOVLW       hi_addr(RXB0SIDH)
0x09BE	0x6E54      	MOVWF       FARG___Lib_CAN_C_A_CANIDToRegs_ptr+1 
0x09C0	0xF055C03F  	MOVFF       FARG_CANWrite_id, FARG___Lib_CAN_C_A_CANIDToRegs_val
0x09C4	0xF056C040  	MOVFF       FARG_CANWrite_id+1, FARG___Lib_CAN_C_A_CANIDToRegs_val+1
0x09C8	0xF057C041  	MOVFF       FARG_CANWrite_id+2, FARG___Lib_CAN_C_A_CANIDToRegs_val+2
0x09CC	0xF058C042  	MOVFF       FARG_CANWrite_id+3, FARG___Lib_CAN_C_A_CANIDToRegs_val+3
0x09D0	0x0EFF      	MOVLW       255
0x09D2	0x6E59      	MOVWF       FARG___Lib_CAN_C_A_CANIDToRegs_CAN_CONFIG_FLAGS 
0x09D4	0xF000EC23  	CALL        __Lib_CAN_C_A_CANIDToRegs, 0
L_CANWrite28:
;__Lib_CAN_C_A.c,578 :: 		
0x09D8	0xFF65C045  	MOVFF       FARG_CANWrite_DataLen, RXB0DLC
;__Lib_CAN_C_A.c,580 :: 		
0x09DC	0xAC46      	BTFSS       FARG_CANWrite_CAN_TX_MSG_FLAGS, 6 
;__Lib_CAN_C_A.c,581 :: 		
0x09DE	0x8C65      	BSF         RXB0DLC, 6 
L_CANWrite29:
;__Lib_CAN_C_A.c,585 :: 		
0x09E0	0x0E66      	MOVLW       RXB0D0
0x09E2	0x6E48      	MOVWF       CANWrite_ptr_L0 
0x09E4	0x0E0F      	MOVLW       hi_addr(RXB0D0)
0x09E6	0x6E49      	MOVWF       CANWrite_ptr_L0+1 
;__Lib_CAN_C_A.c,586 :: 		
0x09E8	0x6A47      	CLRF        CANWrite_i_L0 
;__Lib_CAN_C_A.c,587 :: 		
L_CANWrite30:
0x09EA	0x5045      	MOVF        FARG_CANWrite_DataLen, 0 
0x09EC	0x5C47      	SUBWF       CANWrite_i_L0, 0 
0x09EE	0xE210      	BC          L_CANWrite31
;__Lib_CAN_C_A.c,588 :: 		
0x09F0	0x5047      	MOVF        CANWrite_i_L0, 0 
0x09F2	0x2448      	ADDWF       CANWrite_ptr_L0, 0 
0x09F4	0x6EE1      	MOVWF       FSR1L 
0x09F6	0x0E00      	MOVLW       0
0x09F8	0x2049      	ADDWFC      CANWrite_ptr_L0+1, 0 
0x09FA	0x6EE2      	MOVWF       FSR1H 
0x09FC	0x5047      	MOVF        CANWrite_i_L0, 0 
0x09FE	0x2443      	ADDWF       FARG_CANWrite_data_, 0 
0x0A00	0x6EE9      	MOVWF       FSR0L 
0x0A02	0x0E00      	MOVLW       0
0x0A04	0x2044      	ADDWFC      FARG_CANWrite_data_+1, 0 
0x0A06	0x6EEA      	MOVWF       FSR0H 
0x0A08	0xFFE6CFEE  	MOVFF       POSTINC0, POSTINC1
;__Lib_CAN_C_A.c,589 :: 		
0x0A0C	0x2A47      	INCF        CANWrite_i_L0, 1 
;__Lib_CAN_C_A.c,590 :: 		
0x0A0E	0xD7ED      	BRA         L_CANWrite30
L_CANWrite31:
;__Lib_CAN_C_A.c,600 :: 		
0x0A10	0x8660      	BSF         RXB0CON, 3 
;__Lib_CAN_C_A.c,606 :: 		
0x0A12	0x0EF1      	MOVLW       241
0x0A14	0x166F      	ANDWF       CANCON, 1 
;__Lib_CAN_C_A.c,608 :: 		
0x0A16	0x0EFF      	MOVLW       255
0x0A18	0x6E00      	MOVWF       R0 
;__Lib_CAN_C_A.c,609 :: 		
L_end_CANWrite:
0x0A1A	0x0012      	RETURN      0
; end of _CANWrite
_main:
0x0A1C	0x0E4D      	MOVLW       77
0x0A1E	0x6E15      	MOVWF       ?lstr1_LCD_PIC 
0x0A20	0x0E65      	MOVLW       101
0x0A22	0x6E16      	MOVWF       22 
0x0A24	0x0E73      	MOVLW       115
0x0A26	0x6E17      	MOVWF       23 
0x0A28	0x0E73      	MOVLW       115
0x0A2A	0x6E18      	MOVWF       24 
0x0A2C	0x0E61      	MOVLW       97
0x0A2E	0x6E19      	MOVWF       25 
0x0A30	0x0E67      	MOVLW       103
0x0A32	0x6E1A      	MOVWF       26 
0x0A34	0x0E65      	MOVLW       101
0x0A36	0x6E1B      	MOVWF       27 
0x0A38	0x0E3A      	MOVLW       58
0x0A3A	0x6E1C      	MOVWF       28 
0x0A3C	0x6A1D      	CLRF        29 
;LCD_PIC.c,29 :: 		void main() {
;LCD_PIC.c,32 :: 		PORTB = 0;                                                // clear PORTB
0x0A3E	0x6A81      	CLRF        PORTB 
;LCD_PIC.c,33 :: 		TRISB = 0x08;                                             // set PORTB as output
0x0A40	0x0E08      	MOVLW       8
0x0A42	0x6E93      	MOVWF       TRISB 
;LCD_PIC.c,34 :: 		TRISC = 0;                                                // set PORTC as output
0x0A44	0x6A94      	CLRF        TRISC 
;LCD_PIC.c,36 :: 		Lcd_Init();                        // Initialize LCD
0x0A46	0xDDA2      	RCALL       _Lcd_Init
;LCD_PIC.c,38 :: 		Lcd_Cmd(_LCD_CLEAR);               // Clear display
0x0A48	0x0E01      	MOVLW       1
0x0A4A	0x6E53      	MOVWF       FARG_Lcd_Cmd_out_char 
0x0A4C	0xF000EC9C  	CALL        _Lcd_Cmd, 0
;LCD_PIC.c,39 :: 		Lcd_Cmd(_LCD_CURSOR_OFF);          // Cursor off
0x0A50	0x0E0C      	MOVLW       12
0x0A52	0x6E53      	MOVWF       FARG_Lcd_Cmd_out_char 
0x0A54	0xF000EC9C  	CALL        _Lcd_Cmd, 0
;LCD_PIC.c,40 :: 		Lcd_Out(1,1,"Message:");                 // Write text in first row
0x0A58	0x0E01      	MOVLW       1
0x0A5A	0x6E3F      	MOVWF       FARG_Lcd_Out_row 
0x0A5C	0x0E01      	MOVLW       1
0x0A5E	0x6E40      	MOVWF       FARG_Lcd_Out_column 
0x0A60	0x0E15      	MOVLW       ?lstr1_LCD_PIC
0x0A62	0x6E41      	MOVWF       FARG_Lcd_Out_text 
0x0A64	0x0E00      	MOVLW       hi_addr(?lstr1_LCD_PIC)
0x0A66	0x6E42      	MOVWF       FARG_Lcd_Out_text+1 
0x0A68	0xDD54      	RCALL       _Lcd_Out
;LCD_PIC.c,43 :: 		Can_Init_Flags = 0;                                       //
0x0A6A	0x6A20      	CLRF        _Can_Init_Flags 
;LCD_PIC.c,44 :: 		Can_Send_Flags = 0;                                       // clear flags
0x0A6C	0x6A1E      	CLRF        _Can_Send_Flags 
;LCD_PIC.c,45 :: 		Can_Rcv_Flags  = 0;                                       //
0x0A6E	0x6A1F      	CLRF        _Can_Rcv_Flags 
;LCD_PIC.c,49 :: 		_CAN_TX_NO_RTR_FRAME;
0x0A70	0x0EF4      	MOVLW       244
0x0A72	0x6E1E      	MOVWF       _Can_Send_Flags 
;LCD_PIC.c,55 :: 		_CAN_CONFIG_VALID_XTD_MSG;
0x0A74	0x0ED7      	MOVLW       215
0x0A76	0x6E20      	MOVWF       _Can_Init_Flags 
;LCD_PIC.c,57 :: 		CANInitialize(1,10,5,2,8,Can_Init_Flags);                 // Initialize CAN module
0x0A78	0x0E01      	MOVLW       1
0x0A7A	0x6E3F      	MOVWF       FARG_CANInitialize_SJW 
0x0A7C	0x0E0A      	MOVLW       10
0x0A7E	0x6E40      	MOVWF       FARG_CANInitialize_BRP 
0x0A80	0x0E05      	MOVLW       5
0x0A82	0x6E41      	MOVWF       FARG_CANInitialize_PHSEG1 
0x0A84	0x0E02      	MOVLW       2
0x0A86	0x6E42      	MOVWF       FARG_CANInitialize_PHSEG2 
0x0A88	0x0E08      	MOVLW       8
0x0A8A	0x6E43      	MOVWF       FARG_CANInitialize_PROPSEG 
0x0A8C	0x0ED7      	MOVLW       215
0x0A8E	0x6E44      	MOVWF       FARG_CANInitialize_CAN_CONFIG_FLAGS 
0x0A90	0xDEDF      	RCALL       _CANInitialize
;LCD_PIC.c,58 :: 		CANSetOperationMode(_CAN_MODE_CONFIG,0xFF);               // set CONFIGURATION mode
0x0A92	0x0E80      	MOVLW       128
0x0A94	0x6E4C      	MOVWF       FARG_CANSetOperationMode_mode 
0x0A96	0x0EFF      	MOVLW       255
0x0A98	0x6E4D      	MOVWF       FARG_CANSetOperationMode_WAIT 
0x0A9A	0xDD1E      	RCALL       _CANSetOperationMode
;LCD_PIC.c,59 :: 		CANSetMask(_CAN_MASK_B1,-1,_CAN_CONFIG_XTD_MSG);          // set all mask1 bits to ones
0x0A9C	0x6A4C      	CLRF        FARG_CANSetMask_CAN_MASK 
0x0A9E	0x0EFF      	MOVLW       255
0x0AA0	0x6E4D      	MOVWF       FARG_CANSetMask_val 
0x0AA2	0x0EFF      	MOVLW       255
0x0AA4	0x6E4E      	MOVWF       FARG_CANSetMask_val+1 
0x0AA6	0x6E4F      	MOVWF       FARG_CANSetMask_val+2 
0x0AA8	0x6E50      	MOVWF       FARG_CANSetMask_val+3 
0x0AAA	0x0EF7      	MOVLW       247
0x0AAC	0x6E51      	MOVWF       FARG_CANSetMask_CAN_CONFIG_FLAGS 
0x0AAE	0xDCF1      	RCALL       _CANSetMask
;LCD_PIC.c,60 :: 		CANSetMask(_CAN_MASK_B2,-1,_CAN_CONFIG_XTD_MSG);          // set all mask2 bits to ones
0x0AB0	0x0E01      	MOVLW       1
0x0AB2	0x6E4C      	MOVWF       FARG_CANSetMask_CAN_MASK 
0x0AB4	0x0EFF      	MOVLW       255
0x0AB6	0x6E4D      	MOVWF       FARG_CANSetMask_val 
0x0AB8	0x0EFF      	MOVLW       255
0x0ABA	0x6E4E      	MOVWF       FARG_CANSetMask_val+1 
0x0ABC	0x6E4F      	MOVWF       FARG_CANSetMask_val+2 
0x0ABE	0x6E50      	MOVWF       FARG_CANSetMask_val+3 
0x0AC0	0x0EF7      	MOVLW       247
0x0AC2	0x6E51      	MOVWF       FARG_CANSetMask_CAN_CONFIG_FLAGS 
0x0AC4	0xDCE6      	RCALL       _CANSetMask
;LCD_PIC.c,61 :: 		CANSetFilter(_CAN_FILTER_B2_F4,ID_2nd,_CAN_CONFIG_XTD_MSG);// set id of filter B2_F4 to 2nd node ID
0x0AC6	0x0E05      	MOVLW       5
0x0AC8	0x6E4C      	MOVWF       FARG_CANSetFilter_CAN_FILTER 
0x0ACA	0x0E03      	MOVLW       3
0x0ACC	0x6E4D      	MOVWF       FARG_CANSetFilter_val 
0x0ACE	0x0E00      	MOVLW       0
0x0AD0	0x6E4E      	MOVWF       FARG_CANSetFilter_val+1 
0x0AD2	0x0E00      	MOVLW       0
0x0AD4	0x6E4F      	MOVWF       FARG_CANSetFilter_val+2 
0x0AD6	0x0E00      	MOVLW       0
0x0AD8	0x6E50      	MOVWF       FARG_CANSetFilter_val+3 
0x0ADA	0x0EF7      	MOVLW       247
0x0ADC	0x6E51      	MOVWF       FARG_CANSetFilter_CAN_CONFIG_FLAGS 
0x0ADE	0xF001EC0D  	CALL        _CANSetFilter, 0
;LCD_PIC.c,63 :: 		CANSetOperationMode(_CAN_MODE_NORMAL,0xFF);               // set NORMAL mode
0x0AE2	0x6A4C      	CLRF        FARG_CANSetOperationMode_mode 
0x0AE4	0x0EFF      	MOVLW       255
0x0AE6	0x6E4D      	MOVWF       FARG_CANSetOperationMode_WAIT 
0x0AE8	0xDCF7      	RCALL       _CANSetOperationMode
;LCD_PIC.c,65 :: 		RxTx_Data[0] = 9;                                         // set initial data to be sent
0x0AEA	0x0E09      	MOVLW       9
0x0AEC	0x6E21      	MOVWF       _RxTx_Data 
;LCD_PIC.c,67 :: 		CANWrite(ID_1st, RxTx_Data, 1, Can_Send_Flags);           // send initial message
0x0AEE	0x0E4F      	MOVLW       79
0x0AF0	0x6E3F      	MOVWF       FARG_CANWrite_id 
0x0AF2	0x0E2F      	MOVLW       47
0x0AF4	0x6E40      	MOVWF       FARG_CANWrite_id+1 
0x0AF6	0x0E00      	MOVLW       0
0x0AF8	0x6E41      	MOVWF       FARG_CANWrite_id+2 
0x0AFA	0x0E00      	MOVLW       0
0x0AFC	0x6E42      	MOVWF       FARG_CANWrite_id+3 
0x0AFE	0x0E21      	MOVLW       _RxTx_Data
0x0B00	0x6E43      	MOVWF       FARG_CANWrite_data_ 
0x0B02	0x0E00      	MOVLW       hi_addr(_RxTx_Data)
0x0B04	0x6E44      	MOVWF       FARG_CANWrite_data_+1 
0x0B06	0x0E01      	MOVLW       1
0x0B08	0x6E45      	MOVWF       FARG_CANWrite_DataLen 
0x0B0A	0xF046C01E  	MOVFF       _Can_Send_Flags, FARG_CANWrite_CAN_TX_MSG_FLAGS
0x0B0E	0xDF28      	RCALL       _CANWrite
;LCD_PIC.c,71 :: 		while(1) {
L_main0:
;LCD_PIC.c,73 :: 		Msg_Rcvd = CANRead(&Rx_ID , RxTx_Data , &Rx_Data_Len, &Can_Rcv_Flags);  // receive message
0x0B10	0x0E2C      	MOVLW       _Rx_ID
0x0B12	0x6E3F      	MOVWF       FARG_CANRead_id 
0x0B14	0x0E00      	MOVLW       hi_addr(_Rx_ID)
0x0B16	0x6E40      	MOVWF       FARG_CANRead_id+1 
0x0B18	0x0E21      	MOVLW       _RxTx_Data
0x0B1A	0x6E41      	MOVWF       FARG_CANRead_data_ 
0x0B1C	0x0E00      	MOVLW       hi_addr(_RxTx_Data)
0x0B1E	0x6E42      	MOVWF       FARG_CANRead_data_+1 
0x0B20	0x0E29      	MOVLW       _Rx_Data_Len
0x0B22	0x6E43      	MOVWF       FARG_CANRead_dataLen 
0x0B24	0x0E00      	MOVLW       hi_addr(_Rx_Data_Len)
0x0B26	0x6E44      	MOVWF       FARG_CANRead_dataLen+1 
0x0B28	0x0E1F      	MOVLW       _Can_Rcv_Flags
0x0B2A	0x6E45      	MOVWF       FARG_CANRead_CAN_RX_MSG_FLAGS 
0x0B2C	0x0E00      	MOVLW       hi_addr(_Can_Rcv_Flags)
0x0B2E	0x6E46      	MOVWF       FARG_CANRead_CAN_RX_MSG_FLAGS+1 
0x0B30	0xDD78      	RCALL       _CANRead
0x0B32	0xF02BC000  	MOVFF       R0, _Msg_Rcvd
;LCD_PIC.c,74 :: 		if (Msg_Rcvd) {                                                         // if message received
0x0B36	0x5200      	MOVF        R0, 1 
0x0B38	0xE030      	BZ          L_main2
;LCD_PIC.c,76 :: 		PORTC = RxTx_Data[0];                                                 // id correct, output data at PORTC
0x0B3A	0xFF82C021  	MOVFF       _RxTx_Data, PORTC
;LCD_PIC.c,78 :: 		ByteToStr( RxTx_Data[0], output);
0x0B3E	0xF03FC021  	MOVFF       _RxTx_Data, FARG_ByteToStr_input
0x0B42	0x0E30      	MOVLW       main_output_L0
0x0B44	0x6E40      	MOVWF       FARG_ByteToStr_output 
0x0B46	0x0E00      	MOVLW       hi_addr(main_output_L0)
0x0B48	0x6E41      	MOVWF       FARG_ByteToStr_output+1 
0x0B4A	0xDE49      	RCALL       _ByteToStr
;LCD_PIC.c,79 :: 		Lcd_Out(2,1,output);                                                     // Write text in first row
0x0B4C	0x0E02      	MOVLW       2
0x0B4E	0x6E3F      	MOVWF       FARG_Lcd_Out_row 
0x0B50	0x0E01      	MOVLW       1
0x0B52	0x6E40      	MOVWF       FARG_Lcd_Out_column 
0x0B54	0x0E30      	MOVLW       main_output_L0
0x0B56	0x6E41      	MOVWF       FARG_Lcd_Out_text 
0x0B58	0x0E00      	MOVLW       hi_addr(main_output_L0)
0x0B5A	0x6E42      	MOVWF       FARG_Lcd_Out_text+1 
0x0B5C	0xDCDA      	RCALL       _Lcd_Out
;LCD_PIC.c,81 :: 		RxTx_Data[0]++ ;                                                      // increment received data
0x0B5E	0x2A21      	INCF        _RxTx_Data, 1 
;LCD_PIC.c,82 :: 		Delay_ms(800);
0x0B60	0x0E29      	MOVLW       41
0x0B62	0x6E0B      	MOVWF       R11, 0
0x0B64	0x0E96      	MOVLW       150
0x0B66	0x6E0C      	MOVWF       R12, 0
0x0B68	0x0E7F      	MOVLW       127
0x0B6A	0x6E0D      	MOVWF       R13, 0
L_main3:
0x0B6C	0x2E0D      	DECFSZ      R13, 1, 0
0x0B6E	0xD7FE      	BRA         L_main3
0x0B70	0x2E0C      	DECFSZ      R12, 1, 0
0x0B72	0xD7FC      	BRA         L_main3
0x0B74	0x2E0B      	DECFSZ      R11, 1, 0
0x0B76	0xD7FA      	BRA         L_main3
;LCD_PIC.c,83 :: 		CANWrite(ID_1st, RxTx_Data, 1, Can_Send_Flags);                       // send incremented data back
0x0B78	0x0E4F      	MOVLW       79
0x0B7A	0x6E3F      	MOVWF       FARG_CANWrite_id 
0x0B7C	0x0E2F      	MOVLW       47
0x0B7E	0x6E40      	MOVWF       FARG_CANWrite_id+1 
0x0B80	0x0E00      	MOVLW       0
0x0B82	0x6E41      	MOVWF       FARG_CANWrite_id+2 
0x0B84	0x0E00      	MOVLW       0
0x0B86	0x6E42      	MOVWF       FARG_CANWrite_id+3 
0x0B88	0x0E21      	MOVLW       _RxTx_Data
0x0B8A	0x6E43      	MOVWF       FARG_CANWrite_data_ 
0x0B8C	0x0E00      	MOVLW       hi_addr(_RxTx_Data)
0x0B8E	0x6E44      	MOVWF       FARG_CANWrite_data_+1 
0x0B90	0x0E01      	MOVLW       1
0x0B92	0x6E45      	MOVWF       FARG_CANWrite_DataLen 
0x0B94	0xF046C01E  	MOVFF       _Can_Send_Flags, FARG_CANWrite_CAN_TX_MSG_FLAGS
0x0B98	0xDEE3      	RCALL       _CANWrite
;LCD_PIC.c,84 :: 		}
L_main2:
;LCD_PIC.c,85 :: 		}
0x0B9A	0xD7BA      	BRA         L_main0
;LCD_PIC.c,86 :: 		}
L_end_main:
0x0B9C	0xD7FF      	BRA         $+0
; end of _main
Symbol List:
//** Routines locations **
//ADDRESS    SIZE    PROCEDURE
//----------------------------------------------
0x001C      [20]    _Delay_5500us
0x0030      [12]    _Delay_50us
0x003C      [10]    _Delay_1us
0x0046     [242]    __Lib_CAN_C_A_CANIDToRegs
0x0138     [124]    _Lcd_Cmd
0x01B4      [30]    _Div_8X8_U
0x01D2      [72]    _CANSetBaudRate
0x021A     [228]    _CANSetFilter
0x02FE     [404]    __Lib_CAN_C_A_RegsToCANID
0x0492      [70]    _CANSetMask
0x04D8      [30]    _CANSetOperationMode
0x04F6      [12]    _Lcd_Chr_CP
0x0502      [16]    ___CC2DW
0x0512     [122]    _Lcd_Out
0x058C     [150]    _Lcd_Init
0x0622     [444]    _CANRead
0x07DE     [114]    _ByteToStr
0x0850     [272]    _CANInitialize
0x0960     [188]    _CANWrite
0x0A1C     [386]    _main
//** Variables locations ** 
//ADDRESS    SIZE    VARIABLE
//----------------------------------------------
0x0000       [1]    R0
0x0000       [1]    SPI1_Write_tmp_L0
0x0001       [1]    R1
0x0001       [1]    ispunct_rslt_L0
0x0002       [1]    R2
0x0002       [2]    strlen_cp_L0
0x0002       [2]    memcpy_dd_L0
0x0002       [2]    memchr_s_L0
0x0002       [2]    memset_pp_L0
0x0003       [1]    R3
0x0003       [2]    memmove_tt_L0
0x0003       [2]    Ltrim_original_L0
0x0003       [1]    __Lib_CAN_C_A_CANIDToRegs_loVal_L0
0x0004       [2]    strcat_cp_L0
0x0004       [2]    strncpy_cp_L0
0x0004       [2]    memcpy_ss_L0
0x0004       [2]    strncat_cp_L0
0x0004       [1]    __Lib_CAN_C_A_CANIDToRegs_hiVal_L0
0x0004       [1]    R4
0x0004       [2]    strcpy_cp_L0
0x0005       [2]    Ltrim_p_L0
0x0005       [2]    memmove_ff_L0
0x0005       [1]    __Lib_CAN_C_A_CANIDToRegs_hrVal_L0
0x0005       [1]    R5
0x0005       [2]    LongIntToHex_input_half_L0
0x0005       [2]    LongWordToHex_input_half_L0
0x0006       [1]    __Lib_CAN_C_A_CANIDToRegs_hsVal_L0
0x0006       [1]    R6
0x0007       [1]    R7
0x0008       [1]    R8
0x0009       [1]    R9
0x000A       [1]    R10
0x000B       [1]    R11
0x000C       [1]    R12
0x000D       [1]    R13
0x000E       [1]    R14
0x000F       [1]    R15
0x0010       [1]    R16
0x0011       [1]    R17
0x0012       [1]    R18
0x0013       [1]    R19
0x0014       [1]    R20
0x0015       [9]    ?lstr1_LCD_PIC
0x001E       [1]    _Can_Send_Flags
0x001F       [1]    _Can_Rcv_Flags
0x0020       [1]    _Can_Init_Flags
0x0021       [8]    _RxTx_Data
0x0029       [1]    _Rx_Data_Len
0x002A       [0]    __Lib_Lcd_cmd_status
0x002B       [1]    _Msg_Rcvd
0x002C       [4]    _Rx_ID
0x0030      [15]    main_output_L0
0x003F       [4]    FARG_CANWrite_id
0x003F       [1]    FARG_Lcd_Out_row
0x003F       [2]    FARG_CANRead_id
0x003F       [1]    FARG_CANInitialize_SJW
0x003F       [1]    FARG_ByteToStr_input
0x0040       [1]    FARG_CANInitialize_BRP
0x0040       [2]    FARG_ByteToStr_output
0x0040       [1]    FARG_Lcd_Out_column
0x0041       [1]    FARG_CANInitialize_PHSEG1
0x0041       [2]    FARG_CANRead_data_
0x0041       [2]    FARG_Lcd_Out_text
0x0042       [1]    FARG_CANInitialize_PHSEG2
0x0042       [1]    ByteToStr_DigitPos_L0
0x0043       [1]    FARG_CANInitialize_PROPSEG
0x0043       [2]    FLOC__ByteToStr
0x0043       [1]    Lcd_Out_i_L0
0x0043       [2]    FARG_CANRead_dataLen
0x0043       [2]    FARG_CANWrite_data_
0x0044       [1]    FARG_CANInitialize_CAN_CONFIG_FLAGS
0x0045       [1]    FARG_CANWrite_DataLen
0x0045       [2]    FARG_CANRead_CAN_RX_MSG_FLAGS
0x0045       [1]    CANInitialize_FilterConfig1_L0
0x0046       [1]    CANInitialize_FilterConfig2_L0
0x0046       [1]    FARG_CANWrite_CAN_TX_MSG_FLAGS
0x0047       [1]    CANWrite_i_L0
0x0047       [1]    CANRead_i_L0
0x0048       [2]    CANWrite_ptr_L0
0x0048       [1]    CANRead_lbIsItBuffer0_L0
0x0049       [1]    CANRead_ddatalen_L0
0x004A       [2]    CANRead_ptr_L0
0x004C       [1]    FARG_CANSetBaudRate_SJW
0x004C       [1]    FARG_CANSetFilter_CAN_FILTER
0x004C       [2]    FARG___Lib_CAN_C_A_RegsToCANID_ptr
0x004C       [1]    FARG_CANSetOperationMode_mode
0x004C       [1]    FARG_Lcd_Chr_CP_out_char
0x004C       [1]    FARG_CANSetMask_CAN_MASK
0x004D       [4]    FARG_CANSetMask_val
0x004D       [1]    FARG_CANSetOperationMode_WAIT
0x004D       [1]    FARG_CANSetBaudRate_BRP
0x004D       [4]    FARG_CANSetFilter_val
0x004E       [1]    FARG_CANSetBaudRate_PHSEG1
0x004E       [1]    FARG___Lib_CAN_C_A_RegsToCANID_CAN_CONFIG_FLAGS
0x004F       [4]    __Lib_CAN_C_A_RegsToCANID_rslt_L0
0x004F       [1]    FARG_CANSetBaudRate_PHSEG2
0x0050       [1]    FARG_CANSetBaudRate_PROPSEG
0x0051       [1]    FARG_CANSetBaudRate_CAN_CONFIG_FLAGS
0x0051       [1]    FARG_CANSetMask_CAN_CONFIG_FLAGS
0x0051       [1]    FARG_CANSetFilter_CAN_CONFIG_FLAGS
0x0053       [1]    FARG_Lcd_Cmd_out_char
0x0053       [2]    FARG___Lib_CAN_C_A_CANIDToRegs_ptr
0x0055       [4]    FARG___Lib_CAN_C_A_CANIDToRegs_val
0x0059       [1]    FARG___Lib_CAN_C_A_CANIDToRegs_CAN_CONFIG_FLAGS
0x0F00       [1]    RXF0SIDH
0x0F04       [1]    RXF1SIDH
0x0F08       [1]    RXF2SIDH
0x0F0C       [1]    RXF3SIDH
0x0F10       [1]    RXF4SIDH
0x0F14       [1]    RXF5SIDH
0x0F18       [1]    RXM0SIDH
0x0F1C       [1]    RXM1SIDH
0x0F20       [1]    TXB2CON
0x0F30       [1]    TXB1CON
0x0F40       [1]    TXB0CON
0x0F50       [1]    RXB1CON
0x0F60       [1]    RXB0CON
0x0F61       [1]    RXB0SIDH
0x0F62       [1]    RXB0SIDL
0x0F65       [1]    RXB0DLC
0x0F66       [1]    RXB0D0
0x0F6E       [1]    CANSTAT
0x0F6F       [1]    CANCON
0x0F70       [1]    BRGCON1
0x0F71       [1]    BRGCON2
0x0F72       [1]    BRGCON3
0x0F74       [1]    COMSTAT
0x0F81       [1]    PORTB
0x0F82       [0]    LCD_D5
0x0F82       [0]    LCD_D6
0x0F82       [0]    LCD_D7
0x0F82       [1]    PORTC
0x0F82       [0]    LCD_RS
0x0F82       [0]    LCD_EN
0x0F82       [0]    LCD_D4
0x0F82       [0]    RC0_bit
0x0F82       [0]    RC5_bit
0x0F82       [0]    RC4_bit
0x0F82       [0]    RC1_bit
0x0F82       [0]    RC2_bit
0x0F82       [0]    RC3_bit
0x0F93       [1]    TRISB
0x0F94       [0]    TRISC5_bit
0x0F94       [0]    TRISC3_bit
0x0F94       [0]    TRISC4_bit
0x0F94       [0]    LCD_EN_Direction
0x0F94       [0]    LCD_D7_Direction
0x0F94       [1]    TRISC
0x0F94       [0]    LCD_D6_Direction
0x0F94       [0]    LCD_D4_Direction
0x0F94       [0]    LCD_D5_Direction
0x0F94       [0]    TRISC2_bit
0x0F94       [0]    LCD_RS_Direction
0x0F94       [0]    TRISC0_bit
0x0F94       [0]    TRISC1_bit
0x0FA4       [1]    PIR3
0x0FD8       [1]    STATUS
0x0FD9       [1]    FSR2L
0x0FDA       [1]    FSR2H
0x0FDE       [1]    POSTINC2
0x0FE0       [1]    BSR
0x0FE1       [1]    FSR1L
0x0FE2       [1]    FSR1H
0x0FE4       [1]    PREINC1
0x0FE6       [1]    POSTINC1
0x0FE7       [1]    INDF1
0x0FE8       [1]    WREG
0x0FE9       [1]    FSR0L
0x0FEA       [1]    FSR0H
0x0FEE       [1]    POSTINC0
0x0FF3       [1]    PRODL
0x0FF4       [1]    PRODH
0x0FF5       [1]    TABLAT
0x0FF6       [1]    TBLPTRL
0x0FF7       [1]    TBLPTRH
0x0FF8       [1]    TBLPTRU
